TN:
SF:src/components/LazyComponents.tsx
FN:6,(anonymous_0)
FN:15,(anonymous_1)
FN:16,(anonymous_2)
FN:20,(anonymous_3)
FN:21,(anonymous_4)
FN:25,(anonymous_5)
FN:26,(anonymous_6)
FN:30,(anonymous_7)
FN:31,(anonymous_8)
FN:35,(anonymous_9)
FN:36,(anonymous_10)
FN:40,(anonymous_11)
FN:41,(anonymous_12)
FN:45,(anonymous_13)
FN:46,(anonymous_14)
FN:51,(anonymous_15)
FN:52,(anonymous_16)
FN:56,(anonymous_17)
FN:57,(anonymous_18)
FN:61,(anonymous_19)
FN:62,(anonymous_20)
FN:66,(anonymous_21)
FN:72,(anonymous_22)
FN:80,(anonymous_23)
FN:82,(anonymous_24)
FN:88,(anonymous_25)
FN:90,(anonymous_26)
FN:91,(anonymous_27)
FN:92,(anonymous_28)
FNF:29
FNH:4
FNDA:1,(anonymous_0)
FNDA:0,(anonymous_1)
FNDA:0,(anonymous_2)
FNDA:0,(anonymous_3)
FNDA:0,(anonymous_4)
FNDA:0,(anonymous_5)
FNDA:0,(anonymous_6)
FNDA:0,(anonymous_7)
FNDA:0,(anonymous_8)
FNDA:0,(anonymous_9)
FNDA:0,(anonymous_10)
FNDA:0,(anonymous_11)
FNDA:0,(anonymous_12)
FNDA:0,(anonymous_13)
FNDA:0,(anonymous_14)
FNDA:1,(anonymous_15)
FNDA:1,(anonymous_16)
FNDA:0,(anonymous_17)
FNDA:0,(anonymous_18)
FNDA:0,(anonymous_19)
FNDA:0,(anonymous_20)
FNDA:0,(anonymous_21)
FNDA:0,(anonymous_22)
FNDA:0,(anonymous_23)
FNDA:0,(anonymous_24)
FNDA:2,(anonymous_25)
FNDA:0,(anonymous_26)
FNDA:0,(anonymous_27)
FNDA:0,(anonymous_28)
DA:6,1
DA:7,1
DA:14,1
DA:15,0
DA:16,0
DA:19,1
DA:20,0
DA:21,0
DA:24,1
DA:25,0
DA:26,0
DA:29,1
DA:30,0
DA:31,0
DA:34,1
DA:35,0
DA:36,0
DA:39,1
DA:40,0
DA:41,0
DA:44,1
DA:45,0
DA:46,0
DA:50,1
DA:51,1
DA:52,1
DA:55,1
DA:56,0
DA:57,0
DA:60,1
DA:61,0
DA:62,0
DA:66,1
DA:70,0
DA:72,0
DA:73,0
DA:80,1
DA:82,0
DA:83,0
DA:88,1
DA:90,2
DA:91,0
DA:92,0
DA:97,1
DA:98,0
DA:99,0
DA:100,0
DA:101,0
DA:102,0
DA:103,0
DA:104,0
DA:105,0
DA:106,0
LF:53
LH:19
BRDA:6,0,0,0
BRDA:97,1,0,0
BRDA:97,1,1,1
BRF:3
BRH:1
end_of_record
TN:
SF:src/components/accessibility/AccessibilityPanel.tsx
FN:10,(anonymous_0)
FN:16,(anonymous_1)
FN:22,(anonymous_2)
FN:29,(anonymous_3)
FN:36,(anonymous_4)
FN:42,(anonymous_5)
FN:63,(anonymous_6)
FN:73,(anonymous_7)
FN:88,(anonymous_8)
FN:101,(anonymous_9)
FN:112,(anonymous_10)
FN:115,(anonymous_11)
FN:162,(anonymous_12)
FN:182,(anonymous_13)
FN:192,(anonymous_14)
FN:202,(anonymous_15)
FN:212,(anonymous_16)
FN:221,(anonymous_17)
FN:242,(anonymous_18)
FN:262,(anonymous_19)
FN:272,(anonymous_20)
FN:282,(anonymous_21)
FN:301,(anonymous_22)
FN:311,(anonymous_23)
FN:321,(anonymous_24)
FN:336,(anonymous_25)
FN:344,(anonymous_26)
FN:380,(anonymous_27)
FN:410,(anonymous_28)
FN:433,(anonymous_29)
FNF:30
FNH:0
FNDA:0,(anonymous_0)
FNDA:0,(anonymous_1)
FNDA:0,(anonymous_2)
FNDA:0,(anonymous_3)
FNDA:0,(anonymous_4)
FNDA:0,(anonymous_5)
FNDA:0,(anonymous_6)
FNDA:0,(anonymous_7)
FNDA:0,(anonymous_8)
FNDA:0,(anonymous_9)
FNDA:0,(anonymous_10)
FNDA:0,(anonymous_11)
FNDA:0,(anonymous_12)
FNDA:0,(anonymous_13)
FNDA:0,(anonymous_14)
FNDA:0,(anonymous_15)
FNDA:0,(anonymous_16)
FNDA:0,(anonymous_17)
FNDA:0,(anonymous_18)
FNDA:0,(anonymous_19)
FNDA:0,(anonymous_20)
FNDA:0,(anonymous_21)
FNDA:0,(anonymous_22)
FNDA:0,(anonymous_23)
FNDA:0,(anonymous_24)
FNDA:0,(anonymous_25)
FNDA:0,(anonymous_26)
FNDA:0,(anonymous_27)
FNDA:0,(anonymous_28)
FNDA:0,(anonymous_29)
DA:10,0
DA:11,0
DA:16,0
DA:17,0
DA:22,0
DA:23,0
DA:29,0
DA:30,0
DA:36,0
DA:37,0
DA:42,0
DA:59,0
DA:61,0
DA:63,0
DA:65,0
DA:66,0
DA:70,0
DA:71,0
DA:73,0
DA:83,0
DA:88,0
DA:101,0
DA:113,0
DA:115,0
DA:162,0
DA:182,0
DA:192,0
DA:202,0
DA:212,0
DA:221,0
DA:242,0
DA:262,0
DA:272,0
DA:282,0
DA:301,0
DA:311,0
DA:321,0
DA:336,0
DA:345,0
DA:380,0
DA:411,0
DA:433,0
LF:42
LH:0
BRDA:42,0,0,0
BRDA:65,1,0,0
BRDA:65,1,1,0
BRDA:70,2,0,0
BRDA:70,2,1,0
BRDA:117,3,0,0
BRDA:117,3,1,0
BRDA:125,4,0,0
BRDA:125,4,1,0
BRDA:126,5,0,0
BRDA:126,5,1,0
BRDA:127,6,0,0
BRDA:127,6,1,0
BRDA:127,7,0,0
BRDA:127,7,1,0
BRDA:135,8,0,0
BRDA:135,8,1,0
BRDA:331,9,0,0
BRDA:331,9,1,0
BRDA:339,10,0,0
BRDA:339,10,1,0
BRDA:360,11,0,0
BRDA:360,11,1,0
BRDA:375,12,0,0
BRDA:375,12,1,0
BRDA:387,13,0,0
BRDA:387,13,1,0
BRDA:394,14,0,0
BRDA:394,14,1,0
BRDA:395,15,0,0
BRDA:395,15,1,0
BRDA:406,16,0,0
BRDA:406,16,1,0
BRDA:414,17,0,0
BRDA:414,17,1,0
BRDA:415,18,0,0
BRDA:415,18,1,0
BRDA:416,19,0,0
BRDA:416,19,1,0
BRDA:431,20,0,0
BRDA:431,20,1,0
BRDA:446,21,0,0
BRDA:446,21,1,0
BRDA:455,22,0,0
BRDA:455,22,1,0
BRF:45
BRH:0
end_of_record
TN:
SF:src/components/auth/AuthPage.tsx
FN:6,(anonymous_0)
FN:21,(anonymous_1)
FN:31,(anonymous_2)
FNF:3
FNH:1
FNDA:1,(anonymous_0)
FNDA:0,(anonymous_1)
FNDA:0,(anonymous_2)
DA:6,1
DA:7,1
DA:9,1
DA:21,0
DA:31,0
LF:5
LH:3
BRDA:13,0,0,1
BRDA:13,0,1,0
BRF:2
BRH:1
end_of_record
TN:
SF:src/components/auth/LoginForm.tsx
FN:9,(anonymous_0)
FN:16,(anonymous_1)
FN:24,(anonymous_2)
FN:33,(anonymous_3)
FN:45,(anonymous_4)
FN:50,(anonymous_5)
FN:82,(anonymous_6)
FN:99,(anonymous_7)
FN:107,(anonymous_8)
FNF:9
FNH:2
FNDA:2,(anonymous_0)
FNDA:0,(anonymous_1)
FNDA:2,(anonymous_2)
FNDA:0,(anonymous_3)
FNDA:0,(anonymous_4)
FNDA:0,(anonymous_5)
FNDA:0,(anonymous_6)
FNDA:0,(anonymous_7)
FNDA:0,(anonymous_8)
DA:9,1
DA:10,2
DA:16,1
DA:17,0
DA:24,1
DA:25,2
DA:26,2
DA:27,2
DA:28,2
DA:30,2
DA:31,2
DA:33,2
DA:34,0
DA:35,0
DA:36,0
DA:38,0
DA:39,0
DA:45,2
DA:47,0
DA:50,2
DA:51,0
DA:54,2
DA:82,0
DA:99,0
DA:107,0
LF:25
LH:14
BRDA:9,0,0,0
BRDA:16,1,0,0
BRDA:97,2,0,0
BRDA:97,2,1,2
BRDA:110,3,0,0
BRDA:110,3,1,2
BRDA:125,4,0,2
BRDA:125,4,1,0
BRDA:137,5,0,2
BRDA:137,5,1,2
BRDA:137,5,2,0
BRDA:140,6,0,0
BRDA:140,6,1,2
BRDA:174,7,0,2
BRDA:174,7,1,0
BRF:15
BRH:7
end_of_record
TN:
SF:src/components/auth/RegisterForm.tsx
FN:9,(anonymous_0)
FN:16,(anonymous_1)
FN:24,(anonymous_2)
FN:38,(anonymous_3)
FN:48,(anonymous_4)
FN:50,(anonymous_5)
FN:57,(anonymous_6)
FN:77,(anonymous_7)
FN:82,(anonymous_8)
FN:86,(anonymous_9)
FN:92,(anonymous_10)
FN:170,(anonymous_11)
FNF:12
FNH:0
FNDA:0,(anonymous_0)
FNDA:0,(anonymous_1)
FNDA:0,(anonymous_2)
FNDA:0,(anonymous_3)
FNDA:0,(anonymous_4)
FNDA:0,(anonymous_5)
FNDA:0,(anonymous_6)
FNDA:0,(anonymous_7)
FNDA:0,(anonymous_8)
FNDA:0,(anonymous_9)
FNDA:0,(anonymous_10)
FNDA:0,(anonymous_11)
DA:9,1
DA:10,0
DA:16,1
DA:17,0
DA:24,1
DA:25,0
DA:31,0
DA:32,0
DA:33,0
DA:35,0
DA:36,0
DA:38,0
DA:39,0
DA:40,0
DA:41,0
DA:42,0
DA:43,0
DA:44,0
DA:45,0
DA:48,0
DA:49,0
DA:50,0
DA:52,0
DA:53,0
DA:57,0
DA:58,0
DA:59,0
DA:60,0
DA:62,0
DA:63,0
DA:66,0
DA:67,0
DA:77,0
DA:79,0
DA:82,0
DA:83,0
DA:86,0
DA:87,0
DA:88,0
DA:89,0
DA:92,0
DA:93,0
DA:94,0
DA:95,0
DA:98,0
DA:170,0
LF:46
LH:3
BRDA:9,0,0,0
BRDA:16,1,0,0
BRDA:40,2,0,0
BRDA:40,2,1,0
BRDA:41,3,0,0
BRDA:41,3,1,0
BRDA:42,4,0,0
BRDA:42,4,1,0
BRDA:43,5,0,0
BRDA:43,5,1,0
BRDA:44,6,0,0
BRDA:44,6,1,0
BRDA:52,7,0,0
BRDA:52,7,1,0
BRDA:62,8,0,0
BRDA:62,8,1,0
BRDA:87,9,0,0
BRDA:87,9,1,0
BRDA:88,10,0,0
BRDA:88,10,1,0
BRDA:93,11,0,0
BRDA:93,11,1,0
BRDA:94,12,0,0
BRDA:94,12,1,0
BRDA:160,13,0,0
BRDA:160,13,1,0
BRDA:173,14,0,0
BRDA:173,14,1,0
BRDA:177,15,0,0
BRDA:177,15,1,0
BRDA:206,16,0,0
BRDA:206,16,1,0
BRDA:206,17,0,0
BRDA:206,17,1,0
BRDA:213,18,0,0
BRDA:213,18,1,0
BRDA:213,18,2,0
BRDA:218,19,0,0
BRDA:218,19,1,0
BRDA:231,20,0,0
BRDA:231,20,1,0
BRDA:231,20,2,0
BRDA:231,20,3,0
BRDA:231,20,4,0
BRDA:231,20,5,0
BRDA:240,21,0,0
BRDA:240,21,1,0
BRDA:274,22,0,0
BRDA:274,22,1,0
BRF:49
BRH:0
end_of_record
TN:
SF:src/components/auth/SocialAuthButtons.tsx
FN:15,(anonymous_0)
FN:25,(anonymous_1)
FN:28,(anonymous_2)
FN:57,(anonymous_3)
FN:61,(anonymous_4)
FN:99,(anonymous_5)
FN:113,(anonymous_6)
FN:132,(anonymous_7)
FN:137,(anonymous_8)
FN:149,(anonymous_9)
FN:168,(anonymous_10)
FN:173,(anonymous_11)
FN:187,(anonymous_12)
FN:194,(anonymous_13)
FNF:14
FNH:2
FNDA:2,(anonymous_0)
FNDA:0,(anonymous_1)
FNDA:0,(anonymous_2)
FNDA:0,(anonymous_3)
FNDA:2,(anonymous_4)
FNDA:0,(anonymous_5)
FNDA:0,(anonymous_6)
FNDA:0,(anonymous_7)
FNDA:0,(anonymous_8)
FNDA:0,(anonymous_9)
FNDA:0,(anonymous_10)
FNDA:0,(anonymous_11)
FNDA:0,(anonymous_12)
FNDA:0,(anonymous_13)
DA:15,1
DA:22,2
DA:23,2
DA:25,2
DA:26,0
DA:28,0
DA:30,0
DA:34,0
DA:35,0
DA:37,0
DA:38,0
DA:41,0
DA:43,0
DA:49,0
DA:51,0
DA:52,0
DA:54,0
DA:55,0
DA:57,0
DA:61,2
DA:62,2
DA:63,0
DA:64,0
DA:65,2
DA:69,2
DA:72,2
DA:73,2
DA:90,0
DA:99,0
DA:113,0
DA:133,0
DA:134,0
DA:138,0
DA:139,0
DA:149,0
DA:169,0
DA:170,0
DA:174,0
DA:175,0
DA:187,1
DA:188,0
DA:194,1
DA:195,0
LF:43
LH:12
BRDA:18,0,0,0
BRDA:19,1,0,0
BRDA:20,2,0,0
BRDA:26,3,0,0
BRDA:26,3,1,0
BRDA:26,4,0,0
BRDA:26,4,1,0
BRDA:26,4,2,0
BRDA:34,5,0,0
BRDA:34,5,1,0
BRDA:62,6,0,0
BRDA:62,6,1,0
BRDA:62,6,2,2
BRDA:72,7,0,2
BRDA:72,7,1,0
BRDA:100,8,0,0
BRDA:100,8,1,0
BRDA:100,8,2,0
BRDA:105,9,0,0
BRDA:105,9,1,0
BRDA:105,10,0,0
BRDA:105,10,1,0
BRDA:105,10,2,0
BRDA:106,11,0,0
BRDA:106,11,1,0
BRDA:106,12,0,0
BRDA:106,12,1,0
BRDA:106,12,2,0
BRDA:108,13,0,0
BRDA:108,13,1,0
BRDA:108,14,0,0
BRDA:108,14,1,0
BRDA:114,15,0,0
BRDA:114,15,1,0
BRDA:114,15,2,0
BRDA:128,16,0,0
BRDA:128,16,1,0
BRDA:128,17,0,0
BRDA:128,17,1,0
BRDA:128,17,2,0
BRDA:129,18,0,0
BRDA:129,18,1,0
BRDA:129,19,0,0
BRDA:129,19,1,0
BRDA:129,19,2,0
BRDA:133,20,0,0
BRDA:133,20,1,0
BRDA:133,21,0,0
BRDA:133,21,1,0
BRDA:133,21,2,0
BRDA:138,22,0,0
BRDA:138,22,1,0
BRDA:138,23,0,0
BRDA:138,23,1,0
BRDA:138,23,2,0
BRDA:144,24,0,0
BRDA:144,24,1,0
BRDA:144,25,0,0
BRDA:144,25,1,0
BRDA:150,26,0,0
BRDA:150,26,1,0
BRDA:150,26,2,0
BRDA:164,27,0,0
BRDA:164,27,1,0
BRDA:164,28,0,0
BRDA:164,28,1,0
BRDA:164,28,2,0
BRDA:165,29,0,0
BRDA:165,29,1,0
BRDA:165,30,0,0
BRDA:165,30,1,0
BRDA:165,30,2,0
BRDA:169,31,0,0
BRDA:169,31,1,0
BRDA:169,32,0,0
BRDA:169,32,1,0
BRDA:169,32,2,0
BRDA:174,33,0,0
BRDA:174,33,1,0
BRDA:174,34,0,0
BRDA:174,34,1,0
BRDA:174,34,2,0
BRDA:180,35,0,0
BRDA:180,35,1,0
BRDA:180,36,0,0
BRDA:180,36,1,0
BRF:86
BRH:2
end_of_record
TN:
SF:src/components/collaboration/CollaborationPanel.tsx
FN:10,(anonymous_0)
FN:43,(anonymous_1)
FN:44,(anonymous_2)
FN:56,(anonymous_3)
FN:71,(anonymous_4)
FN:77,(anonymous_5)
FN:104,(anonymous_6)
FN:126,(anonymous_7)
FN:135,(anonymous_8)
FN:141,(anonymous_9)
FN:166,(anonymous_10)
FN:200,(anonymous_11)
FN:203,(anonymous_12)
FN:204,(anonymous_13)
FN:215,(anonymous_14)
FN:227,(anonymous_15)
FN:261,(anonymous_16)
FN:262,(anonymous_17)
FN:295,(anonymous_18)
FN:307,(anonymous_19)
FN:331,(anonymous_20)
FN:363,(anonymous_21)
FN:367,(anonymous_22)
FN:404,(anonymous_23)
FN:405,(anonymous_24)
FNF:25
FNH:0
FNDA:0,(anonymous_0)
FNDA:0,(anonymous_1)
FNDA:0,(anonymous_2)
FNDA:0,(anonymous_3)
FNDA:0,(anonymous_4)
FNDA:0,(anonymous_5)
FNDA:0,(anonymous_6)
FNDA:0,(anonymous_7)
FNDA:0,(anonymous_8)
FNDA:0,(anonymous_9)
FNDA:0,(anonymous_10)
FNDA:0,(anonymous_11)
FNDA:0,(anonymous_12)
FNDA:0,(anonymous_13)
FNDA:0,(anonymous_14)
FNDA:0,(anonymous_15)
FNDA:0,(anonymous_16)
FNDA:0,(anonymous_17)
FNDA:0,(anonymous_18)
FNDA:0,(anonymous_19)
FNDA:0,(anonymous_20)
FNDA:0,(anonymous_21)
FNDA:0,(anonymous_22)
FNDA:0,(anonymous_23)
FNDA:0,(anonymous_24)
DA:10,0
DA:34,0
DA:36,0
DA:37,0
DA:38,0
DA:39,0
DA:40,0
DA:43,0
DA:44,0
DA:45,0
DA:48,0
DA:49,0
DA:56,0
DA:57,0
DA:58,0
DA:68,0
DA:69,0
DA:71,0
DA:72,0
DA:73,0
DA:77,0
DA:78,0
DA:80,0
DA:81,0
DA:97,0
DA:98,0
DA:100,0
DA:104,0
DA:105,0
DA:107,0
DA:108,0
DA:119,0
DA:120,0
DA:122,0
DA:126,0
DA:127,0
DA:128,0
DA:129,0
DA:131,0
DA:135,0
DA:137,0
DA:138,0
DA:141,0
DA:142,0
DA:166,0
DA:167,0
DA:169,0
DA:200,0
DA:201,0
DA:203,0
DA:205,0
DA:216,0
DA:227,0
DA:237,0
DA:261,0
DA:262,0
DA:295,0
DA:307,0
DA:331,0
DA:363,0
DA:369,0
DA:370,0
DA:404,0
DA:406,0
DA:407,0
DA:409,0
LF:66
LH:0
BRDA:11,0,0,0
BRDA:48,1,0,0
BRDA:48,1,1,0
BRDA:48,2,0,0
BRDA:48,2,1,0
BRDA:57,3,0,0
BRDA:57,3,1,0
BRDA:57,4,0,0
BRDA:57,4,1,0
BRDA:78,5,0,0
BRDA:78,5,1,0
BRDA:105,6,0,0
BRDA:105,6,1,0
BRDA:145,7,0,0
BRDA:145,7,1,0
BRDA:146,8,0,0
BRDA:146,8,1,0
BRDA:147,9,0,0
BRDA:147,9,1,0
BRDA:148,10,0,0
BRDA:148,10,1,0
BRDA:149,11,0,0
BRDA:149,11,1,0
BRDA:152,12,0,0
BRDA:152,12,1,0
BRDA:158,13,0,0
BRDA:158,13,1,0
BRDA:172,14,0,0
BRDA:172,14,1,0
BRDA:185,15,0,0
BRDA:185,15,1,0
BRDA:190,16,0,0
BRDA:190,16,1,0
BRDA:241,17,0,0
BRDA:241,17,1,0
BRDA:252,18,0,0
BRDA:252,18,1,0
BRDA:262,19,0,0
BRDA:262,19,1,0
BRDA:285,20,0,0
BRDA:285,20,1,0
BRDA:295,21,0,0
BRDA:295,21,1,0
BRDA:309,22,0,0
BRDA:309,22,1,0
BRDA:313,23,0,0
BRDA:313,23,1,0
BRDA:324,24,0,0
BRDA:324,24,1,0
BRDA:407,25,0,0
BRDA:407,25,1,0
BRF:51
BRH:0
end_of_record
TN:
SF:src/components/common/Card.tsx
FN:9,(anonymous_0)
FNF:1
FNH:0
FNDA:0,(anonymous_0)
DA:9,0
DA:14,0
DA:20,0
LF:3
LH:0
BRDA:11,0,0,0
BRDA:12,1,0,0
BRF:2
BRH:0
end_of_record
TN:
SF:src/components/common/ErrorBoundary.tsx
FN:5,(anonymous_0)
FN:25,(anonymous_1)
FN:30,(anonymous_2)
FN:38,(anonymous_3)
FN:54,(anonymous_4)
FN:62,(anonymous_5)
FN:70,(anonymous_6)
FN:82,(anonymous_7)
FNF:8
FNH:2
FNDA:0,(anonymous_0)
FNDA:2,(anonymous_1)
FNDA:0,(anonymous_2)
FNDA:0,(anonymous_3)
FNDA:0,(anonymous_4)
FNDA:0,(anonymous_5)
FNDA:0,(anonymous_6)
FNDA:2,(anonymous_7)
DA:5,1
DA:6,0
DA:26,2
DA:27,2
DA:31,0
DA:40,0
DA:49,0
DA:51,0
DA:54,2
DA:55,0
DA:59,0
DA:62,2
DA:63,0
DA:67,0
DA:70,2
DA:71,0
DA:72,0
DA:78,0
DA:83,2
DA:84,0
DA:85,0
DA:88,0
DA:90,0
DA:174,2
LF:24
LH:8
BRDA:5,0,0,0
BRDA:71,1,0,0
BRDA:71,1,1,0
BRDA:71,2,0,0
BRDA:71,2,1,0
BRDA:83,3,0,0
BRDA:83,3,1,2
BRDA:84,4,0,0
BRDA:84,4,1,0
BRDA:109,5,0,0
BRDA:109,5,1,0
BRDA:138,6,0,0
BRDA:138,6,1,0
BRDA:138,6,2,0
BRDA:150,7,0,0
BRDA:150,7,1,0
BRDA:158,8,0,0
BRDA:158,8,1,0
BRF:18
BRH:1
end_of_record
TN:
SF:src/components/common/LoadingSkeleton.tsx
FN:13,(anonymous_0)
FN:25,(anonymous_1)
FN:59,(anonymous_2)
FNF:3
FNH:0
FNDA:0,(anonymous_0)
FNDA:0,(anonymous_1)
FNDA:0,(anonymous_2)
DA:13,0
DA:20,0
DA:22,0
DA:23,0
DA:25,0
DA:26,0
DA:28,0
DA:37,0
DA:48,0
DA:57,0
DA:60,0
DA:72,0
DA:83,0
LF:13
LH:0
BRDA:14,0,0,0
BRDA:15,1,0,0
BRDA:18,2,0,0
BRDA:22,3,0,0
BRDA:22,3,1,0
BRDA:23,4,0,0
BRDA:23,4,1,0
BRDA:26,5,0,0
BRDA:26,5,1,0
BRDA:26,5,2,0
BRDA:26,5,3,0
BRDA:26,5,4,0
BRDA:50,6,0,0
BRDA:50,6,1,0
BRDA:51,7,0,0
BRDA:51,7,1,0
BRF:16
BRH:0
end_of_record
TN:
SF:src/components/common/Spinner.tsx
FN:9,(anonymous_0)
FNF:1
FNH:0
FNDA:0,(anonymous_0)
DA:9,0
DA:14,0
DA:21,0
LF:3
LH:0
BRDA:10,0,0,0
BRDA:11,1,0,0
BRDA:12,2,0,0
BRF:3
BRH:0
end_of_record
TN:
SF:src/components/history/HistoryViewer.tsx
FN:12,(anonymous_0)
FN:47,(anonymous_1)
FN:51,(anonymous_2)
FN:56,(anonymous_3)
FN:60,(anonymous_4)
FN:67,(anonymous_5)
FN:72,(anonymous_6)
FN:80,(anonymous_7)
FN:100,(anonymous_8)
FN:106,(anonymous_9)
FN:115,(anonymous_10)
FN:123,(anonymous_11)
FN:142,(anonymous_12)
FN:155,(anonymous_13)
FN:159,(anonymous_14)
FN:169,(anonymous_15)
FN:180,(anonymous_16)
FN:183,(anonymous_17)
FN:203,(anonymous_18)
FN:232,(anonymous_19)
FN:244,(anonymous_20)
FN:255,(anonymous_21)
FN:314,(anonymous_22)
FN:323,(anonymous_23)
FN:334,(anonymous_24)
FN:344,(anonymous_25)
FN:351,(anonymous_26)
FN:380,(anonymous_27)
FN:387,(anonymous_28)
FN:403,(anonymous_29)
FN:441,(anonymous_30)
FN:452,(anonymous_31)
FN:459,(anonymous_32)
FNF:33
FNH:0
FNDA:0,(anonymous_0)
FNDA:0,(anonymous_1)
FNDA:0,(anonymous_2)
FNDA:0,(anonymous_3)
FNDA:0,(anonymous_4)
FNDA:0,(anonymous_5)
FNDA:0,(anonymous_6)
FNDA:0,(anonymous_7)
FNDA:0,(anonymous_8)
FNDA:0,(anonymous_9)
FNDA:0,(anonymous_10)
FNDA:0,(anonymous_11)
FNDA:0,(anonymous_12)
FNDA:0,(anonymous_13)
FNDA:0,(anonymous_14)
FNDA:0,(anonymous_15)
FNDA:0,(anonymous_16)
FNDA:0,(anonymous_17)
FNDA:0,(anonymous_18)
FNDA:0,(anonymous_19)
FNDA:0,(anonymous_20)
FNDA:0,(anonymous_21)
FNDA:0,(anonymous_22)
FNDA:0,(anonymous_23)
FNDA:0,(anonymous_24)
FNDA:0,(anonymous_25)
FNDA:0,(anonymous_26)
FNDA:0,(anonymous_27)
FNDA:0,(anonymous_28)
FNDA:0,(anonymous_29)
FNDA:0,(anonymous_30)
FNDA:0,(anonymous_31)
FNDA:0,(anonymous_32)
DA:12,0
DA:38,0
DA:40,0
DA:43,0
DA:44,0
DA:45,0
DA:47,0
DA:48,0
DA:51,0
DA:52,0
DA:53,0
DA:56,0
DA:57,0
DA:60,0
DA:61,0
DA:62,0
DA:64,0
DA:67,0
DA:68,0
DA:69,0
DA:72,0
DA:73,0
DA:74,0
DA:76,0
DA:80,0
DA:81,0
DA:82,0
DA:83,0
DA:86,0
DA:87,0
DA:88,0
DA:89,0
DA:90,0
DA:91,0
DA:92,0
DA:93,0
DA:94,0
DA:96,0
DA:100,0
DA:101,0
DA:102,0
DA:106,0
DA:107,0
DA:115,0
DA:116,0
DA:123,0
DA:143,0
DA:156,0
DA:158,0
DA:159,0
DA:161,0
DA:170,0
DA:171,0
DA:180,0
DA:181,0
DA:184,0
DA:203,0
DA:204,0
DA:233,0
DA:245,0
DA:255,0
DA:256,0
DA:258,0
DA:300,0
DA:314,0
DA:323,0
DA:334,0
DA:344,0
DA:351,0
DA:380,0
DA:388,0
DA:404,0
DA:405,0
DA:406,0
DA:408,0
DA:410,0
DA:441,0
DA:452,0
DA:459,0
LF:79
LH:0
BRDA:14,0,0,0
BRDA:52,1,0,0
BRDA:52,1,1,0
BRDA:61,2,0,0
BRDA:61,2,1,0
BRDA:61,3,0,0
BRDA:61,3,1,0
BRDA:61,3,2,0
BRDA:73,4,0,0
BRDA:73,4,1,0
BRDA:84,5,0,0
BRDA:84,5,1,0
BRDA:101,6,0,0
BRDA:101,6,1,0
BRDA:119,7,0,0
BRDA:119,7,1,0
BRDA:121,8,0,0
BRDA:121,8,1,0
BRDA:140,9,0,0
BRDA:140,9,1,0
BRDA:158,10,0,0
BRDA:158,10,1,0
BRDA:164,11,0,0
BRDA:164,11,1,0
BRDA:189,12,0,0
BRDA:189,12,1,0
BRDA:194,13,0,0
BRDA:194,13,1,0
BRDA:256,14,0,0
BRDA:256,14,1,0
BRDA:363,15,0,0
BRDA:363,15,1,0
BRDA:386,16,0,0
BRDA:386,16,1,0
BRDA:390,17,0,0
BRDA:390,17,1,0
BRDA:405,18,0,0
BRDA:405,18,1,0
BRDA:418,19,0,0
BRDA:418,19,1,0
BRDA:418,20,0,0
BRDA:418,20,1,0
BRDA:429,21,0,0
BRDA:429,21,1,0
BRDA:430,22,0,0
BRDA:430,22,1,0
BRDA:434,23,0,0
BRDA:434,23,1,0
BRF:48
BRH:0
end_of_record
TN:
SF:src/components/library/PromptLibrary.tsx
FN:11,(anonymous_0)
FN:51,(anonymous_1)
FN:59,(anonymous_2)
FN:66,(anonymous_3)
FN:70,(anonymous_4)
FN:73,(anonymous_5)
FN:85,(anonymous_6)
FN:94,(anonymous_7)
FN:105,(anonymous_8)
FN:122,(anonymous_9)
FN:125,(anonymous_10)
FN:137,(anonymous_11)
FN:157,(anonymous_12)
FN:165,(anonymous_13)
FN:176,(anonymous_14)
FN:199,(anonymous_15)
FN:205,(anonymous_16)
FN:217,(anonymous_17)
FN:218,(anonymous_18)
FN:219,(anonymous_19)
FN:226,(anonymous_20)
FN:228,(anonymous_21)
FN:229,(anonymous_22)
FN:241,(anonymous_23)
FN:251,(anonymous_24)
FN:262,(anonymous_25)
FN:266,(anonymous_26)
FN:279,(anonymous_27)
FN:310,(anonymous_28)
FN:323,(anonymous_29)
FN:331,(anonymous_30)
FN:334,(anonymous_31)
FN:343,(anonymous_32)
FN:359,(anonymous_33)
FN:365,(anonymous_34)
FN:388,(anonymous_35)
FN:399,(anonymous_36)
FN:413,(anonymous_37)
FN:426,(anonymous_38)
FN:442,(anonymous_39)
FNF:40
FNH:0
FNDA:0,(anonymous_0)
FNDA:0,(anonymous_1)
FNDA:0,(anonymous_2)
FNDA:0,(anonymous_3)
FNDA:0,(anonymous_4)
FNDA:0,(anonymous_5)
FNDA:0,(anonymous_6)
FNDA:0,(anonymous_7)
FNDA:0,(anonymous_8)
FNDA:0,(anonymous_9)
FNDA:0,(anonymous_10)
FNDA:0,(anonymous_11)
FNDA:0,(anonymous_12)
FNDA:0,(anonymous_13)
FNDA:0,(anonymous_14)
FNDA:0,(anonymous_15)
FNDA:0,(anonymous_16)
FNDA:0,(anonymous_17)
FNDA:0,(anonymous_18)
FNDA:0,(anonymous_19)
FNDA:0,(anonymous_20)
FNDA:0,(anonymous_21)
FNDA:0,(anonymous_22)
FNDA:0,(anonymous_23)
FNDA:0,(anonymous_24)
FNDA:0,(anonymous_25)
FNDA:0,(anonymous_26)
FNDA:0,(anonymous_27)
FNDA:0,(anonymous_28)
FNDA:0,(anonymous_29)
FNDA:0,(anonymous_30)
FNDA:0,(anonymous_31)
FNDA:0,(anonymous_32)
FNDA:0,(anonymous_33)
FNDA:0,(anonymous_34)
FNDA:0,(anonymous_35)
FNDA:0,(anonymous_36)
FNDA:0,(anonymous_37)
FNDA:0,(anonymous_38)
FNDA:0,(anonymous_39)
DA:11,0
DA:45,0
DA:47,0
DA:48,0
DA:49,0
DA:51,0
DA:59,0
DA:60,0
DA:61,0
DA:64,0
DA:66,0
DA:67,0
DA:70,0
DA:71,0
DA:72,0
DA:73,0
DA:74,0
DA:76,0
DA:77,0
DA:78,0
DA:80,0
DA:81,0
DA:85,0
DA:86,0
DA:87,0
DA:88,0
DA:89,0
DA:90,0
DA:94,0
DA:95,0
DA:96,0
DA:97,0
DA:98,0
DA:100,0
DA:105,0
DA:106,0
DA:107,0
DA:108,0
DA:109,0
DA:110,0
DA:111,0
DA:112,0
DA:113,0
DA:114,0
DA:115,0
DA:116,0
DA:118,0
DA:122,0
DA:123,0
DA:126,0
DA:137,0
DA:138,0
DA:157,0
DA:166,0
DA:177,0
DA:199,0
DA:206,0
DA:207,0
DA:217,0
DA:218,0
DA:219,0
DA:226,0
DA:227,0
DA:228,0
DA:229,0
DA:235,0
DA:237,0
DA:241,0
DA:248,0
DA:251,0
DA:259,0
DA:262,0
DA:267,0
DA:275,0
DA:279,0
DA:287,0
DA:288,0
DA:295,0
DA:296,0
DA:303,0
DA:310,0
DA:323,0
DA:331,0
DA:335,0
DA:344,0
DA:345,0
DA:359,0
DA:365,0
DA:388,0
DA:399,0
DA:413,0
DA:427,0
DA:442,0
LF:93
LH:0
BRDA:12,0,0,0
BRDA:71,1,0,0
BRDA:71,1,1,0
BRDA:71,2,0,0
BRDA:71,2,1,0
BRDA:74,3,0,0
BRDA:74,3,1,0
BRDA:86,4,0,0
BRDA:86,4,1,0
BRDA:96,5,0,0
BRDA:96,5,1,0
BRDA:128,6,0,0
BRDA:128,6,1,0
BRDA:140,7,0,0
BRDA:140,7,1,0
BRDA:148,8,0,0
BRDA:148,8,1,0
BRDA:159,9,0,0
BRDA:159,9,1,0
BRDA:172,10,0,0
BRDA:172,10,1,0
BRDA:172,10,2,0
BRDA:181,11,0,0
BRDA:181,11,1,0
BRDA:227,12,0,0
BRDA:227,12,1,0
BRDA:235,13,0,0
BRDA:235,13,1,0
BRDA:235,13,2,0
BRDA:235,13,3,0
BRDA:287,14,0,0
BRDA:287,14,1,0
BRDA:295,15,0,0
BRDA:295,15,1,0
BRDA:330,16,0,0
BRDA:330,16,1,0
BRDA:331,17,0,0
BRDA:331,17,1,0
BRDA:358,18,0,0
BRDA:358,18,1,0
BRDA:364,19,0,0
BRDA:364,19,1,0
BRDA:373,20,0,0
BRDA:373,20,1,0
BRDA:374,21,0,0
BRDA:374,21,1,0
BRDA:384,22,0,0
BRDA:384,22,1,0
BRDA:406,23,0,0
BRDA:406,23,1,0
BRDA:406,23,2,0
BRDA:430,24,0,0
BRDA:430,24,1,0
BRF:53
BRH:0
end_of_record
TN:
SF:src/components/notifications/NotificationPanel.tsx
FN:7,(anonymous_0)
FN:13,(anonymous_1)
FN:19,(anonymous_2)
FN:26,(anonymous_3)
FN:32,(anonymous_4)
FN:38,(anonymous_5)
FN:44,(anonymous_6)
FN:54,(anonymous_7)
FN:75,(anonymous_8)
FN:80,(anonymous_9)
FN:85,(anonymous_10)
FN:93,(anonymous_11)
FN:96,(anonymous_12)
FN:99,(anonymous_13)
FN:106,(anonymous_14)
FN:119,(anonymous_15)
FN:133,(anonymous_16)
FN:153,(anonymous_17)
FN:172,(anonymous_18)
FN:180,(anonymous_19)
FN:188,(anonymous_20)
FN:208,(anonymous_21)
FN:217,(anonymous_22)
FN:229,(anonymous_23)
FN:289,(anonymous_24)
FN:301,(anonymous_25)
FN:350,(anonymous_26)
FN:361,(anonymous_27)
FN:378,(anonymous_28)
FN:381,(anonymous_29)
FN:433,(anonymous_30)
FN:443,(anonymous_31)
FN:453,(anonymous_32)
FN:463,(anonymous_33)
FNF:34
FNH:0
FNDA:0,(anonymous_0)
FNDA:0,(anonymous_1)
FNDA:0,(anonymous_2)
FNDA:0,(anonymous_3)
FNDA:0,(anonymous_4)
FNDA:0,(anonymous_5)
FNDA:0,(anonymous_6)
FNDA:0,(anonymous_7)
FNDA:0,(anonymous_8)
FNDA:0,(anonymous_9)
FNDA:0,(anonymous_10)
FNDA:0,(anonymous_11)
FNDA:0,(anonymous_12)
FNDA:0,(anonymous_13)
FNDA:0,(anonymous_14)
FNDA:0,(anonymous_15)
FNDA:0,(anonymous_16)
FNDA:0,(anonymous_17)
FNDA:0,(anonymous_18)
FNDA:0,(anonymous_19)
FNDA:0,(anonymous_20)
FNDA:0,(anonymous_21)
FNDA:0,(anonymous_22)
FNDA:0,(anonymous_23)
FNDA:0,(anonymous_24)
FNDA:0,(anonymous_25)
FNDA:0,(anonymous_26)
FNDA:0,(anonymous_27)
FNDA:0,(anonymous_28)
FNDA:0,(anonymous_29)
FNDA:0,(anonymous_30)
FNDA:0,(anonymous_31)
FNDA:0,(anonymous_32)
FNDA:0,(anonymous_33)
DA:7,0
DA:8,0
DA:13,0
DA:14,0
DA:19,0
DA:20,0
DA:26,0
DA:27,0
DA:32,0
DA:33,0
DA:38,0
DA:39,0
DA:44,0
DA:45,0
DA:54,0
DA:73,0
DA:75,0
DA:76,0
DA:77,0
DA:80,0
DA:81,0
DA:83,0
DA:84,0
DA:86,0
DA:93,0
DA:94,0
DA:95,0
DA:96,0
DA:99,0
DA:100,0
DA:101,0
DA:103,0
DA:106,0
DA:107,0
DA:108,0
DA:109,0
DA:110,0
DA:111,0
DA:112,0
DA:113,0
DA:114,0
DA:115,0
DA:119,0
DA:120,0
DA:121,0
DA:122,0
DA:123,0
DA:124,0
DA:125,0
DA:129,0
DA:130,0
DA:133,0
DA:148,0
DA:153,0
DA:172,0
DA:180,0
DA:188,0
DA:208,0
DA:217,0
DA:229,0
DA:290,0
DA:301,0
DA:351,0
DA:352,0
DA:362,0
DA:363,0
DA:379,0
DA:382,0
DA:383,0
DA:433,0
DA:443,0
DA:453,0
DA:463,0
LF:73
LH:0
BRDA:54,0,0,0
BRDA:81,1,0,0
BRDA:81,1,1,0
BRDA:86,2,0,0
BRDA:86,2,1,0
BRDA:86,2,2,0
BRDA:100,3,0,0
BRDA:100,3,1,0
BRDA:103,4,0,0
BRDA:103,4,1,0
BRDA:107,5,0,0
BRDA:107,5,1,0
BRDA:107,5,2,0
BRDA:107,5,3,0
BRDA:107,5,4,0
BRDA:107,5,5,0
BRDA:107,5,6,0
BRDA:107,5,7,0
BRDA:120,6,0,0
BRDA:120,6,1,0
BRDA:120,6,2,0
BRDA:120,6,3,0
BRDA:120,6,4,0
BRDA:129,7,0,0
BRDA:129,7,1,0
BRDA:138,8,0,0
BRDA:138,8,1,0
BRDA:140,9,0,0
BRDA:140,9,1,0
BRDA:163,10,0,0
BRDA:163,10,1,0
BRDA:174,11,0,0
BRDA:174,11,1,0
BRDA:176,12,0,0
BRDA:176,12,1,0
BRDA:219,13,0,0
BRDA:219,13,1,0
BRDA:228,14,0,0
BRDA:228,14,1,0
BRDA:229,15,0,0
BRDA:229,15,1,0
BRDA:244,16,0,0
BRDA:244,16,1,0
BRDA:264,17,0,0
BRDA:264,17,1,0
BRDA:278,18,0,0
BRDA:278,18,1,0
BRDA:282,19,0,0
BRDA:282,19,1,0
BRDA:295,20,0,0
BRDA:295,20,1,0
BRDA:299,21,0,0
BRDA:299,21,1,0
BRDA:307,22,0,0
BRDA:307,22,1,0
BRDA:315,23,0,0
BRDA:315,23,1,0
BRDA:333,24,0,0
BRDA:333,24,1,0
BRDA:335,25,0,0
BRDA:335,25,1,0
BRDA:337,26,0,0
BRDA:337,26,1,0
BRDA:374,27,0,0
BRDA:374,27,1,0
BRDA:376,28,0,0
BRDA:376,28,1,0
BRDA:376,28,2,0
BRDA:386,29,0,0
BRDA:386,29,1,0
BRDA:388,30,0,0
BRDA:388,30,1,0
BRDA:390,31,0,0
BRDA:390,31,1,0
BRDA:401,32,0,0
BRDA:401,32,1,0
BRDA:403,33,0,0
BRDA:403,33,1,0
BRDA:406,34,0,0
BRDA:406,34,1,0
BRDA:409,35,0,0
BRDA:409,35,1,0
BRDA:424,36,0,0
BRDA:424,36,1,0
BRF:84
BRH:0
end_of_record
TN:
SF:src/components/notifications/NotificationToast.tsx
FN:11,(anonymous_0)
FN:21,(anonymous_1)
FN:26,(anonymous_2)
FN:30,(anonymous_3)
FN:34,(anonymous_4)
FN:36,(anonymous_5)
FN:41,(anonymous_6)
FN:51,(anonymous_7)
FN:66,(anonymous_8)
FN:81,(anonymous_9)
FN:130,(anonymous_10)
FN:150,(anonymous_11)
FN:153,(anonymous_12)
FN:206,(anonymous_13)
FN:214,(anonymous_14)
FN:216,(anonymous_15)
FN:217,(anonymous_16)
FN:221,(anonymous_17)
FN:223,(anonymous_18)
FN:228,(anonymous_19)
FN:229,(anonymous_20)
FN:229,(anonymous_21)
FN:233,(anonymous_22)
FN:234,(anonymous_23)
FN:244,(anonymous_24)
FN:256,(anonymous_25)
FNF:26
FNH:0
FNDA:0,(anonymous_0)
FNDA:0,(anonymous_1)
FNDA:0,(anonymous_2)
FNDA:0,(anonymous_3)
FNDA:0,(anonymous_4)
FNDA:0,(anonymous_5)
FNDA:0,(anonymous_6)
FNDA:0,(anonymous_7)
FNDA:0,(anonymous_8)
FNDA:0,(anonymous_9)
FNDA:0,(anonymous_10)
FNDA:0,(anonymous_11)
FNDA:0,(anonymous_12)
FNDA:0,(anonymous_13)
FNDA:0,(anonymous_14)
FNDA:0,(anonymous_15)
FNDA:0,(anonymous_16)
FNDA:0,(anonymous_17)
FNDA:0,(anonymous_18)
FNDA:0,(anonymous_19)
FNDA:0,(anonymous_20)
FNDA:0,(anonymous_21)
FNDA:0,(anonymous_22)
FNDA:0,(anonymous_23)
FNDA:0,(anonymous_24)
FNDA:0,(anonymous_25)
DA:11,0
DA:16,0
DA:17,0
DA:19,0
DA:21,0
DA:22,0
DA:25,0
DA:26,0
DA:27,0
DA:30,0
DA:34,0
DA:35,0
DA:36,0
DA:37,0
DA:41,0
DA:42,0
DA:43,0
DA:46,0
DA:47,0
DA:51,0
DA:52,0
DA:54,0
DA:56,0
DA:58,0
DA:60,0
DA:62,0
DA:66,0
DA:67,0
DA:69,0
DA:71,0
DA:73,0
DA:75,0
DA:77,0
DA:81,0
DA:82,0
DA:83,0
DA:84,0
DA:85,0
DA:86,0
DA:87,0
DA:88,0
DA:89,0
DA:90,0
DA:94,0
DA:96,0
DA:131,0
DA:132,0
DA:151,0
DA:154,0
DA:155,0
DA:156,0
DA:206,0
DA:210,0
DA:211,0
DA:214,0
DA:215,0
DA:216,0
DA:217,0
DA:220,0
DA:221,0
DA:223,0
DA:228,0
DA:229,0
DA:232,0
DA:233,0
DA:234,0
DA:237,0
DA:245,0
DA:256,0
LF:69
LH:0
BRDA:14,0,0,0
BRDA:25,1,0,0
BRDA:25,1,1,0
BRDA:42,2,0,0
BRDA:42,2,1,0
BRDA:46,3,0,0
BRDA:46,3,1,0
BRDA:46,4,0,0
BRDA:46,4,1,0
BRDA:52,5,0,0
BRDA:52,5,1,0
BRDA:52,5,2,0
BRDA:52,5,3,0
BRDA:52,5,4,0
BRDA:67,6,0,0
BRDA:67,6,1,0
BRDA:67,6,2,0
BRDA:67,6,3,0
BRDA:67,6,4,0
BRDA:82,7,0,0
BRDA:82,7,1,0
BRDA:82,7,2,0
BRDA:82,7,3,0
BRDA:82,7,4,0
BRDA:82,7,5,0
BRDA:82,7,6,0
BRDA:82,7,7,0
BRDA:94,8,0,0
BRDA:94,8,1,0
BRDA:101,9,0,0
BRDA:101,9,1,0
BRDA:101,10,0,0
BRDA:101,10,1,0
BRDA:112,11,0,0
BRDA:112,11,1,0
BRDA:123,12,0,0
BRDA:123,12,1,0
BRDA:148,13,0,0
BRDA:148,13,1,0
BRDA:148,13,2,0
BRDA:159,14,0,0
BRDA:159,14,1,0
BRDA:161,15,0,0
BRDA:161,15,1,0
BRDA:163,16,0,0
BRDA:163,16,1,0
BRDA:178,17,0,0
BRDA:178,17,1,0
BRDA:207,18,0,0
BRDA:208,19,0,0
BRDA:216,20,0,0
BRDA:216,20,1,0
BRDA:216,20,2,0
BRDA:220,21,0,0
BRDA:220,21,1,0
BRDA:240,22,0,0
BRDA:240,22,1,0
BRDA:242,23,0,0
BRDA:242,23,1,0
BRF:59
BRH:0
end_of_record
TN:
SF:src/components/plugins/PluginMarketplace.tsx
FN:11,(anonymous_0)
FN:17,(anonymous_1)
FN:23,(anonymous_2)
FN:29,(anonymous_3)
FN:35,(anonymous_4)
FN:40,(anonymous_5)
FN:92,(anonymous_6)
FN:113,(anonymous_7)
FN:135,(anonymous_8)
FN:153,(anonymous_9)
FN:160,(anonymous_10)
FN:165,(anonymous_11)
FN:167,(anonymous_12)
FN:171,(anonymous_13)
FN:175,(anonymous_14)
FN:181,(anonymous_15)
FN:190,(anonymous_16)
FN:203,(anonymous_17)
FN:217,(anonymous_18)
FN:230,(anonymous_19)
FN:249,(anonymous_20)
FN:259,(anonymous_21)
FN:268,(anonymous_22)
FN:271,(anonymous_23)
FN:299,(anonymous_24)
FN:313,(anonymous_25)
FN:330,(anonymous_26)
FN:350,(anonymous_27)
FN:374,(anonymous_28)
FNF:29
FNH:0
FNDA:0,(anonymous_0)
FNDA:0,(anonymous_1)
FNDA:0,(anonymous_2)
FNDA:0,(anonymous_3)
FNDA:0,(anonymous_4)
FNDA:0,(anonymous_5)
FNDA:0,(anonymous_6)
FNDA:0,(anonymous_7)
FNDA:0,(anonymous_8)
FNDA:0,(anonymous_9)
FNDA:0,(anonymous_10)
FNDA:0,(anonymous_11)
FNDA:0,(anonymous_12)
FNDA:0,(anonymous_13)
FNDA:0,(anonymous_14)
FNDA:0,(anonymous_15)
FNDA:0,(anonymous_16)
FNDA:0,(anonymous_17)
FNDA:0,(anonymous_18)
FNDA:0,(anonymous_19)
FNDA:0,(anonymous_20)
FNDA:0,(anonymous_21)
FNDA:0,(anonymous_22)
FNDA:0,(anonymous_23)
FNDA:0,(anonymous_24)
FNDA:0,(anonymous_25)
FNDA:0,(anonymous_26)
FNDA:0,(anonymous_27)
FNDA:0,(anonymous_28)
DA:11,0
DA:12,0
DA:17,0
DA:18,0
DA:23,0
DA:24,0
DA:29,0
DA:30,0
DA:35,0
DA:40,0
DA:41,0
DA:42,0
DA:43,0
DA:45,0
DA:46,0
DA:51,0
DA:54,0
DA:93,0
DA:113,0
DA:135,0
DA:147,0
DA:149,0
DA:150,0
DA:153,0
DA:154,0
DA:159,0
DA:160,0
DA:164,0
DA:165,0
DA:166,0
DA:167,0
DA:170,0
DA:171,0
DA:174,0
DA:175,0
DA:178,0
DA:181,0
DA:182,0
DA:183,0
DA:184,0
DA:186,0
DA:190,0
DA:191,0
DA:192,0
DA:195,0
DA:200,0
DA:201,0
DA:203,0
DA:212,0
DA:217,0
DA:230,0
DA:249,0
DA:259,0
DA:269,0
DA:271,0
DA:299,0
DA:313,0
DA:331,0
DA:332,0
DA:350,0
DA:375,0
LF:61
LH:0
BRDA:29,0,0,0
BRDA:30,1,0,0
BRDA:30,1,1,0
BRDA:47,2,0,0
BRDA:47,2,1,0
BRDA:47,2,2,0
BRDA:59,3,0,0
BRDA:59,3,1,0
BRDA:68,4,0,0
BRDA:68,4,1,0
BRDA:71,5,0,0
BRDA:71,5,1,0
BRDA:105,6,0,0
BRDA:105,6,1,0
BRDA:107,7,0,0
BRDA:107,7,1,0
BRDA:107,7,2,0
BRDA:116,8,0,0
BRDA:116,8,1,0
BRDA:121,9,0,0
BRDA:121,9,1,0
BRDA:135,10,0,0
BRDA:154,11,0,0
BRDA:154,11,1,0
BRDA:159,12,0,0
BRDA:159,12,1,0
BRDA:164,13,0,0
BRDA:164,13,1,0
BRDA:165,14,0,0
BRDA:165,14,1,0
BRDA:166,15,0,0
BRDA:166,15,1,0
BRDA:167,16,0,0
BRDA:167,16,1,0
BRDA:170,17,0,0
BRDA:170,17,1,0
BRDA:174,18,0,0
BRDA:174,18,1,0
BRDA:183,19,0,0
BRDA:183,19,1,0
BRDA:200,20,0,0
BRDA:200,20,1,0
BRDA:261,21,0,0
BRDA:261,21,1,0
BRDA:273,22,0,0
BRDA:273,22,1,0
BRDA:298,23,0,0
BRDA:298,23,1,0
BRDA:312,24,0,0
BRDA:312,24,1,0
BRDA:326,25,0,0
BRDA:326,25,1,0
BRDA:326,25,2,0
BRDA:332,26,0,0
BRDA:332,26,1,0
BRDA:349,27,0,0
BRDA:349,27,1,0
BRDA:350,28,0,0
BRDA:350,28,1,0
BRDA:362,29,0,0
BRDA:362,29,1,0
BRF:61
BRH:0
end_of_record
TN:
SF:src/components/providers/ThemeProvider.tsx
FN:8,(anonymous_0)
FN:14,(anonymous_1)
FN:21,(anonymous_2)
FNF:3
FNH:0
FNDA:0,(anonymous_0)
FNDA:0,(anonymous_1)
FNDA:0,(anonymous_2)
DA:8,0
DA:12,0
DA:14,0
DA:16,0
DA:18,0
DA:21,0
DA:23,0
DA:26,0
DA:27,0
DA:30,0
DA:31,0
DA:34,0
DA:35,0
DA:37,0
DA:40,0
DA:41,0
DA:43,0
DA:46,0
DA:47,0
DA:49,0
DA:53,0
DA:54,0
DA:56,0
DA:59,0
DA:60,0
DA:62,0
DA:65,0
DA:66,0
DA:68,0
DA:72,0
LF:30
LH:0
BRDA:10,0,0,0
BRDA:34,1,0,0
BRDA:34,1,1,0
BRDA:40,2,0,0
BRDA:40,2,1,0
BRDA:46,3,0,0
BRDA:46,3,1,0
BRDA:53,4,0,0
BRDA:53,4,1,0
BRDA:59,5,0,0
BRDA:59,5,1,0
BRDA:65,6,0,0
BRDA:65,6,1,0
BRF:13
BRH:0
end_of_record
TN:
SF:src/components/settings/ThemeSettings.tsx
FN:5,(anonymous_0)
FN:27,(anonymous_1)
FN:37,(anonymous_2)
FN:56,(anonymous_3)
FN:78,(anonymous_4)
FN:84,(anonymous_5)
FN:111,(anonymous_6)
FN:119,(anonymous_7)
FN:127,(anonymous_8)
FN:145,(anonymous_9)
FN:151,(anonymous_10)
FN:171,(anonymous_11)
FN:186,(anonymous_12)
FN:201,(anonymous_13)
FN:216,(anonymous_14)
FN:231,(anonymous_15)
FN:253,(anonymous_16)
FN:268,(anonymous_17)
FN:283,(anonymous_18)
FN:298,(anonymous_19)
FN:317,(anonymous_20)
FN:325,(anonymous_21)
FN:331,(anonymous_22)
FNF:23
FNH:0
FNDA:0,(anonymous_0)
FNDA:0,(anonymous_1)
FNDA:0,(anonymous_2)
FNDA:0,(anonymous_3)
FNDA:0,(anonymous_4)
FNDA:0,(anonymous_5)
FNDA:0,(anonymous_6)
FNDA:0,(anonymous_7)
FNDA:0,(anonymous_8)
FNDA:0,(anonymous_9)
FNDA:0,(anonymous_10)
FNDA:0,(anonymous_11)
FNDA:0,(anonymous_12)
FNDA:0,(anonymous_13)
FNDA:0,(anonymous_14)
FNDA:0,(anonymous_15)
FNDA:0,(anonymous_16)
FNDA:0,(anonymous_17)
FNDA:0,(anonymous_18)
FNDA:0,(anonymous_19)
FNDA:0,(anonymous_20)
FNDA:0,(anonymous_21)
FNDA:0,(anonymous_22)
DA:5,0
DA:20,0
DA:22,0
DA:23,0
DA:25,0
DA:27,0
DA:28,0
DA:29,0
DA:30,0
DA:31,0
DA:33,0
DA:37,0
DA:38,0
DA:39,0
DA:42,0
DA:43,0
DA:44,0
DA:45,0
DA:46,0
DA:47,0
DA:48,0
DA:49,0
DA:50,0
DA:52,0
DA:56,0
DA:57,0
DA:58,0
DA:59,0
DA:60,0
DA:61,0
DA:63,0
DA:68,0
DA:79,0
DA:84,0
DA:112,0
DA:113,0
DA:120,0
DA:121,0
DA:128,0
DA:129,0
DA:146,0
DA:151,0
DA:172,0
DA:187,0
DA:202,0
DA:217,0
DA:232,0
DA:254,0
DA:269,0
DA:284,0
DA:299,0
DA:317,0
DA:325,0
DA:331,0
LF:54
LH:0
BRDA:58,0,0,0
BRDA:58,0,1,0
BRDA:82,1,0,0
BRDA:82,1,1,0
BRDA:149,2,0,0
BRDA:149,2,1,0
BRDA:321,3,0,0
BRDA:321,3,1,0
BRF:8
BRH:0
end_of_record
TN:
SF:src/config/firebase.ts
FN:6,(anonymous_0)
FN:13,(anonymous_1)
FN:72,(anonymous_2)
FNF:3
FNH:0
FNDA:0,(anonymous_0)
FNDA:0,(anonymous_1)
FNDA:0,(anonymous_2)
DA:6,0
DA:7,0
DA:13,0
DA:14,0
DA:15,0
DA:20,0
DA:31,0
DA:32,0
DA:33,0
DA:34,0
DA:35,0
DA:37,0
DA:38,0
DA:39,0
DA:40,0
DA:43,0
DA:44,0
DA:45,0
DA:48,0
DA:49,0
DA:51,0
DA:53,0
DA:54,0
DA:56,0
DA:58,0
DA:61,0
DA:72,0
LF:27
LH:0
BRDA:15,0,0,0
BRDA:15,0,1,0
BRDA:15,0,2,0
BRDA:15,0,3,0
BRDA:21,1,0,0
BRDA:21,1,1,0
BRDA:22,2,0,0
BRDA:22,2,1,0
BRDA:23,3,0,0
BRDA:23,3,1,0
BRDA:24,4,0,0
BRDA:24,4,1,0
BRDA:25,5,0,0
BRDA:25,5,1,0
BRDA:26,6,0,0
BRDA:26,6,1,0
BRDA:27,7,0,0
BRDA:27,7,1,0
BRDA:37,8,0,0
BRDA:37,8,1,0
BRF:20
BRH:0
end_of_record
TN:
SF:src/hooks/useApi.ts
FN:10,(anonymous_0)
FN:25,(anonymous_1)
FN:33,(anonymous_2)
FN:38,(anonymous_3)
FN:45,(anonymous_4)
FN:49,(anonymous_5)
FN:54,(anonymous_6)
FN:60,(anonymous_7)
FN:64,(anonymous_8)
FN:69,(anonymous_9)
FN:75,(anonymous_10)
FN:79,(anonymous_11)
FN:83,(anonymous_12)
FN:90,(anonymous_13)
FN:95,(anonymous_14)
FN:101,(anonymous_15)
FN:105,(anonymous_16)
FN:110,(anonymous_17)
FN:117,(anonymous_18)
FN:122,(anonymous_19)
FNF:20
FNH:0
FNDA:0,(anonymous_0)
FNDA:0,(anonymous_1)
FNDA:0,(anonymous_2)
FNDA:0,(anonymous_3)
FNDA:0,(anonymous_4)
FNDA:0,(anonymous_5)
FNDA:0,(anonymous_6)
FNDA:0,(anonymous_7)
FNDA:0,(anonymous_8)
FNDA:0,(anonymous_9)
FNDA:0,(anonymous_10)
FNDA:0,(anonymous_11)
FNDA:0,(anonymous_12)
FNDA:0,(anonymous_13)
FNDA:0,(anonymous_14)
FNDA:0,(anonymous_15)
FNDA:0,(anonymous_16)
FNDA:0,(anonymous_17)
FNDA:0,(anonymous_18)
FNDA:0,(anonymous_19)
DA:5,0
DA:10,0
DA:11,0
DA:13,0
DA:22,0
DA:24,0
DA:25,0
DA:26,0
DA:29,0
DA:33,0
DA:34,0
DA:36,0
DA:38,0
DA:45,0
DA:46,0
DA:48,0
DA:50,0
DA:55,0
DA:60,0
DA:61,0
DA:63,0
DA:65,0
DA:70,0
DA:75,0
DA:76,0
DA:78,0
DA:80,0
DA:84,0
DA:90,0
DA:91,0
DA:93,0
DA:95,0
DA:101,0
DA:102,0
DA:104,0
DA:106,0
DA:111,0
DA:117,0
DA:118,0
DA:120,0
DA:122,0
LF:41
LH:0
BRDA:5,0,0,0
BRDA:5,0,1,0
BRDA:10,1,0,0
BRDA:17,2,0,0
BRDA:17,2,1,0
BRDA:24,3,0,0
BRDA:24,3,1,0
BRDA:26,4,0,0
BRDA:26,4,1,0
BRF:9
BRH:0
end_of_record
TN:
SF:src/hooks/useSocialAuth.ts
FN:17,(anonymous_0)
FN:25,(anonymous_1)
FN:32,(anonymous_2)
FN:66,(anonymous_3)
FN:71,(anonymous_4)
FN:90,(anonymous_5)
FN:128,(anonymous_6)
FN:144,(anonymous_7)
FNF:8
FNH:3
FNDA:2,(anonymous_0)
FNDA:1,(anonymous_1)
FNDA:0,(anonymous_2)
FNDA:1,(anonymous_3)
FNDA:0,(anonymous_4)
FNDA:0,(anonymous_5)
FNDA:0,(anonymous_6)
FNDA:0,(anonymous_7)
DA:17,1
DA:18,2
DA:19,2
DA:20,2
DA:22,2
DA:25,2
DA:26,1
DA:27,1
DA:28,1
DA:29,1
DA:32,0
DA:33,0
DA:34,0
DA:35,0
DA:38,0
DA:41,0
DA:46,0
DA:52,0
DA:53,0
DA:56,0
DA:58,0
DA:62,0
DA:66,2
DA:67,1
DA:68,1
DA:71,0
DA:72,0
DA:73,0
DA:74,0
DA:75,0
DA:81,0
DA:82,0
DA:83,0
DA:87,0
DA:90,2
DA:91,0
DA:92,0
DA:97,0
DA:98,0
DA:101,0
DA:102,0
DA:104,0
DA:107,0
DA:108,0
DA:110,0
DA:111,0
DA:114,0
DA:120,0
DA:121,0
DA:122,0
DA:124,0
DA:128,2
DA:129,0
DA:130,0
DA:132,0
DA:133,0
DA:134,0
DA:136,0
DA:137,0
DA:138,0
DA:140,0
DA:144,2
DA:145,0
DA:148,2
LF:64
LH:17
BRDA:26,0,0,1
BRDA:26,0,1,0
BRDA:26,1,0,1
BRDA:26,1,1,0
BRDA:34,2,0,0
BRDA:34,2,1,0
BRDA:67,3,0,1
BRDA:67,3,1,0
BRDA:74,4,0,0
BRDA:74,4,1,0
BRDA:91,5,0,0
BRDA:91,5,1,0
BRDA:107,6,0,0
BRDA:107,6,1,0
BRF:14
BRH:3
end_of_record
TN:
SF:src/services/socialAuthService.ts
FN:29,(anonymous_0)
FN:53,(anonymous_1)
FN:97,(anonymous_2)
FN:125,(anonymous_3)
FN:170,(anonymous_4)
FN:192,(anonymous_5)
FN:200,(anonymous_6)
FN:214,(anonymous_7)
FN:230,(anonymous_8)
FNF:9
FNH:0
FNDA:0,(anonymous_0)
FNDA:0,(anonymous_1)
FNDA:0,(anonymous_2)
FNDA:0,(anonymous_3)
FNDA:0,(anonymous_4)
FNDA:0,(anonymous_5)
FNDA:0,(anonymous_6)
FNDA:0,(anonymous_7)
FNDA:0,(anonymous_8)
DA:31,0
DA:32,0
DA:35,0
DA:37,0
DA:38,0
DA:40,0
DA:41,0
DA:43,0
DA:44,0
DA:46,0
DA:54,0
DA:56,0
DA:57,0
DA:60,0
DA:62,0
DA:63,0
DA:65,0
DA:71,0
DA:77,0
DA:79,0
DA:80,0
DA:86,0
DA:98,0
DA:99,0
DA:100,0
DA:103,0
DA:105,0
DA:106,0
DA:108,0
DA:109,0
DA:114,0
DA:126,0
DA:127,0
DA:128,0
DA:129,0
DA:132,0
DA:134,0
DA:135,0
DA:138,0
DA:139,0
DA:145,0
DA:151,0
DA:153,0
DA:154,0
DA:159,0
DA:171,0
DA:172,0
DA:173,0
DA:174,0
DA:177,0
DA:178,0
DA:180,0
DA:181,0
DA:185,0
DA:193,0
DA:201,0
DA:202,0
DA:204,0
DA:205,0
DA:206,0
DA:208,0
DA:215,0
DA:231,0
DA:233,0
DA:235,0
DA:237,0
DA:239,0
DA:241,0
DA:243,0
DA:245,0
DA:247,0
DA:249,0
DA:251,0
DA:256,1
LF:74
LH:1
BRDA:31,0,0,0
BRDA:31,0,1,0
BRDA:35,1,0,0
BRDA:35,1,1,0
BRDA:35,1,2,0
BRDA:35,1,3,0
BRDA:37,2,0,0
BRDA:37,2,1,0
BRDA:40,3,0,0
BRDA:40,3,1,0
BRDA:43,4,0,0
BRDA:43,4,1,0
BRDA:56,5,0,0
BRDA:56,5,1,0
BRDA:56,6,0,0
BRDA:56,6,1,0
BRDA:99,7,0,0
BRDA:99,7,1,0
BRDA:99,8,0,0
BRDA:99,8,1,0
BRDA:127,9,0,0
BRDA:127,9,1,0
BRDA:127,10,0,0
BRDA:127,10,1,0
BRDA:134,11,0,0
BRDA:134,11,1,0
BRDA:172,12,0,0
BRDA:172,12,1,0
BRDA:172,13,0,0
BRDA:172,13,1,0
BRDA:193,14,0,0
BRDA:193,14,1,0
BRDA:202,15,0,0
BRDA:202,15,1,0
BRDA:204,16,0,0
BRDA:204,16,1,0
BRDA:205,17,0,0
BRDA:205,17,1,0
BRDA:206,18,0,0
BRDA:206,18,1,0
BRDA:217,19,0,0
BRDA:217,19,1,0
BRDA:218,20,0,0
BRDA:218,20,1,0
BRDA:219,21,0,0
BRDA:219,21,1,0
BRDA:231,22,0,0
BRDA:231,22,1,0
BRDA:231,22,2,0
BRDA:231,22,3,0
BRDA:231,22,4,0
BRDA:231,22,5,0
BRDA:231,22,6,0
BRDA:231,22,7,0
BRDA:231,22,8,0
BRDA:231,22,9,0
BRF:56
BRH:0
end_of_record
TN:
SF:src/store/accessibilityStore.ts
FN:85,(anonymous_0)
FN:90,(anonymous_1)
FN:99,(anonymous_2)
FN:119,(anonymous_3)
FN:124,(anonymous_4)
FN:129,(anonymous_5)
FN:139,(anonymous_6)
FN:145,(anonymous_7)
FN:158,(anonymous_8)
FN:161,(anonymous_9)
FN:183,(anonymous_10)
FN:184,(anonymous_11)
FN:207,(anonymous_12)
FN:211,(anonymous_13)
FN:221,(anonymous_14)
FN:222,(anonymous_15)
FN:230,(anonymous_16)
FN:231,(anonymous_17)
FN:252,(anonymous_18)
FN:253,(anonymous_19)
FN:260,(anonymous_20)
FN:298,(anonymous_21)
FN:306,(anonymous_22)
FN:314,(anonymous_23)
FN:315,(anonymous_24)
FN:316,(anonymous_25)
FN:321,(anonymous_26)
FN:326,(anonymous_27)
FN:327,(anonymous_28)
FN:337,(anonymous_29)
FN:341,(anonymous_30)
FN:343,(anonymous_31)
FN:351,(anonymous_32)
FN:368,(anonymous_33)
FN:369,(anonymous_34)
FN:377,(anonymous_35)
FN:378,(anonymous_36)
FN:385,(anonymous_37)
FN:394,(anonymous_38)
FN:395,(anonymous_39)
FN:400,(anonymous_40)
FN:401,(anonymous_41)
FN:402,(anonymous_42)
FN:406,(anonymous_43)
FN:408,(anonymous_44)
FN:439,(anonymous_45)
FN:460,(anonymous_46)
FN:467,(anonymous_47)
FN:474,(anonymous_48)
FN:479,(anonymous_49)
FN:484,(anonymous_50)
FN:489,(anonymous_51)
FN:495,(anonymous_52)
FN:503,(anonymous_53)
FN:511,(anonymous_54)
FN:518,(anonymous_55)
FN:523,(anonymous_56)
FN:529,(anonymous_57)
FN:536,(anonymous_58)
FN:543,(anonymous_59)
FN:550,(anonymous_60)
FN:562,(anonymous_61)
FN:565,(anonymous_62)
FN:577,(anonymous_63)
FN:582,(anonymous_64)
FN:587,(anonymous_65)
FN:595,(anonymous_66)
FN:610,(anonymous_67)
FNF:68
FNH:0
FNDA:0,(anonymous_0)
FNDA:0,(anonymous_1)
FNDA:0,(anonymous_2)
FNDA:0,(anonymous_3)
FNDA:0,(anonymous_4)
FNDA:0,(anonymous_5)
FNDA:0,(anonymous_6)
FNDA:0,(anonymous_7)
FNDA:0,(anonymous_8)
FNDA:0,(anonymous_9)
FNDA:0,(anonymous_10)
FNDA:0,(anonymous_11)
FNDA:0,(anonymous_12)
FNDA:0,(anonymous_13)
FNDA:0,(anonymous_14)
FNDA:0,(anonymous_15)
FNDA:0,(anonymous_16)
FNDA:0,(anonymous_17)
FNDA:0,(anonymous_18)
FNDA:0,(anonymous_19)
FNDA:0,(anonymous_20)
FNDA:0,(anonymous_21)
FNDA:0,(anonymous_22)
FNDA:0,(anonymous_23)
FNDA:0,(anonymous_24)
FNDA:0,(anonymous_25)
FNDA:0,(anonymous_26)
FNDA:0,(anonymous_27)
FNDA:0,(anonymous_28)
FNDA:0,(anonymous_29)
FNDA:0,(anonymous_30)
FNDA:0,(anonymous_31)
FNDA:0,(anonymous_32)
FNDA:0,(anonymous_33)
FNDA:0,(anonymous_34)
FNDA:0,(anonymous_35)
FNDA:0,(anonymous_36)
FNDA:0,(anonymous_37)
FNDA:0,(anonymous_38)
FNDA:0,(anonymous_39)
FNDA:0,(anonymous_40)
FNDA:0,(anonymous_41)
FNDA:0,(anonymous_42)
FNDA:0,(anonymous_43)
FNDA:0,(anonymous_44)
FNDA:0,(anonymous_45)
FNDA:0,(anonymous_46)
FNDA:0,(anonymous_47)
FNDA:0,(anonymous_48)
FNDA:0,(anonymous_49)
FNDA:0,(anonymous_50)
FNDA:0,(anonymous_51)
FNDA:0,(anonymous_52)
FNDA:0,(anonymous_53)
FNDA:0,(anonymous_54)
FNDA:0,(anonymous_55)
FNDA:0,(anonymous_56)
FNDA:0,(anonymous_57)
FNDA:0,(anonymous_58)
FNDA:0,(anonymous_59)
FNDA:0,(anonymous_60)
FNDA:0,(anonymous_61)
FNDA:0,(anonymous_62)
FNDA:0,(anonymous_63)
FNDA:0,(anonymous_64)
FNDA:0,(anonymous_65)
FNDA:0,(anonymous_66)
FNDA:0,(anonymous_67)
DA:85,0
DA:91,0
DA:94,0
DA:96,0
DA:98,0
DA:99,0
DA:101,0
DA:103,0
DA:104,0
DA:106,0
DA:107,0
DA:109,0
DA:110,0
DA:112,0
DA:113,0
DA:116,0
DA:121,0
DA:126,0
DA:131,0
DA:132,0
DA:133,0
DA:134,0
DA:135,0
DA:137,0
DA:139,0
DA:140,0
DA:145,0
DA:156,0
DA:158,0
DA:162,0
DA:163,0
DA:184,0
DA:189,0
DA:190,0
DA:191,0
DA:192,0
DA:194,0
DA:198,0
DA:199,0
DA:200,0
DA:202,0
DA:208,0
DA:212,0
DA:217,0
DA:222,0
DA:231,0
DA:232,0
DA:233,0
DA:235,0
DA:253,0
DA:254,0
DA:255,0
DA:256,0
DA:261,0
DA:262,0
DA:263,0
DA:265,0
DA:267,0
DA:269,0
DA:270,0
DA:272,0
DA:273,0
DA:274,0
DA:276,0
DA:277,0
DA:278,0
DA:280,0
DA:281,0
DA:283,0
DA:284,0
DA:286,0
DA:287,0
DA:289,0
DA:290,0
DA:293,0
DA:299,0
DA:306,0
DA:311,0
DA:314,0
DA:315,0
DA:316,0
DA:322,0
DA:327,0
DA:334,0
DA:338,0
DA:342,0
DA:343,0
DA:352,0
DA:353,0
DA:354,0
DA:355,0
DA:357,0
DA:364,0
DA:369,0
DA:378,0
DA:379,0
DA:380,0
DA:381,0
DA:386,0
DA:387,0
DA:388,0
DA:389,0
DA:395,0
DA:401,0
DA:402,0
DA:407,0
DA:408,0
DA:409,0
DA:411,0
DA:413,0
DA:415,0
DA:416,0
DA:417,0
DA:418,0
DA:419,0
DA:421,0
DA:424,0
DA:425,0
DA:427,0
DA:428,0
DA:430,0
DA:432,0
DA:434,0
DA:435,0
DA:442,0
DA:455,0
DA:456,0
DA:461,0
DA:462,0
DA:463,0
DA:468,0
DA:469,0
DA:470,0
DA:475,0
DA:481,0
DA:485,0
DA:486,0
DA:490,0
DA:491,0
DA:496,0
DA:497,0
DA:498,0
DA:499,0
DA:500,0
DA:504,0
DA:505,0
DA:506,0
DA:507,0
DA:508,0
DA:512,0
DA:513,0
DA:514,0
DA:519,0
DA:520,0
DA:524,0
DA:525,0
DA:530,0
DA:531,0
DA:532,0
DA:537,0
DA:538,0
DA:544,0
DA:547,0
DA:550,0
DA:551,0
DA:552,0
DA:553,0
DA:554,0
DA:555,0
DA:557,0
DA:558,0
DA:562,0
DA:563,0
DA:565,0
DA:568,0
DA:569,0
DA:570,0
DA:574,0
DA:577,0
DA:578,0
DA:582,0
DA:583,0
DA:588,0
DA:589,0
DA:595,0
DA:607,0
DA:609,0
DA:610,0
DA:611,0
DA:614,0
LF:190
LH:0
BRDA:96,0,0,0
BRDA:96,0,1,0
BRDA:101,1,0,0
BRDA:101,1,1,0
BRDA:101,1,2,0
BRDA:101,1,3,0
BRDA:103,2,0,0
BRDA:103,2,1,0
BRDA:106,3,0,0
BRDA:106,3,1,0
BRDA:129,4,0,0
BRDA:190,5,0,0
BRDA:190,5,1,0
BRDA:191,6,0,0
BRDA:191,6,1,0
BRDA:198,7,0,0
BRDA:198,7,1,0
BRDA:199,8,0,0
BRDA:199,8,1,0
BRDA:233,9,0,0
BRDA:233,9,1,0
BRDA:240,10,0,0
BRDA:240,10,1,0
BRDA:241,11,0,0
BRDA:241,11,1,0
BRDA:242,12,0,0
BRDA:242,12,1,0
BRDA:243,13,0,0
BRDA:243,13,1,0
BRDA:244,14,0,0
BRDA:244,14,1,0
BRDA:245,15,0,0
BRDA:245,15,1,0
BRDA:263,16,0,0
BRDA:263,16,1,0
BRDA:263,17,0,0
BRDA:263,17,1,0
BRDA:267,18,0,0
BRDA:267,18,1,0
BRDA:267,18,2,0
BRDA:267,18,3,0
BRDA:267,18,4,0
BRDA:267,18,5,0
BRDA:267,18,6,0
BRDA:273,19,0,0
BRDA:273,19,1,0
BRDA:277,20,0,0
BRDA:277,20,1,0
BRDA:298,21,0,0
BRDA:353,22,0,0
BRDA:353,22,1,0
BRDA:388,23,0,0
BRDA:388,23,1,0
BRDA:409,24,0,0
BRDA:409,24,1,0
BRDA:409,25,0,0
BRDA:409,25,1,0
BRDA:413,26,0,0
BRDA:413,26,1,0
BRDA:416,27,0,0
BRDA:416,27,1,0
BRDA:425,28,0,0
BRDA:425,28,1,0
BRDA:462,29,0,0
BRDA:462,29,1,0
BRDA:469,30,0,0
BRDA:469,30,1,0
BRDA:530,31,0,0
BRDA:530,31,1,0
BRDA:537,32,0,0
BRDA:537,32,1,0
BRDA:552,33,0,0
BRDA:552,33,1,0
BRDA:553,34,0,0
BRDA:553,34,1,0
BRDA:554,35,0,0
BRDA:554,35,1,0
BRDA:555,36,0,0
BRDA:555,36,1,0
BRDA:557,37,0,0
BRDA:557,37,1,0
BRDA:557,38,0,0
BRDA:557,38,1,0
BRDA:557,38,2,0
BRDA:557,38,3,0
BRDA:563,39,0,0
BRDA:563,39,1,0
BRDA:563,39,2,0
BRDA:568,40,0,0
BRDA:568,40,1,0
BRDA:588,41,0,0
BRDA:588,41,1,0
BRDA:607,42,0,0
BRDA:607,42,1,0
BRDA:609,43,0,0
BRDA:609,43,1,0
BRF:96
BRH:0
end_of_record
TN:
SF:src/store/authStore.ts
FN:22,(anonymous_0)
FN:45,(anonymous_1)
FN:52,(anonymous_2)
FN:59,(anonymous_3)
FN:67,(anonymous_4)
FN:79,(anonymous_5)
FN:86,(anonymous_6)
FN:108,(anonymous_7)
FN:130,(anonymous_8)
FN:151,(anonymous_9)
FN:169,(anonymous_10)
FN:178,(anonymous_11)
FN:179,(anonymous_12)
FN:183,(anonymous_13)
FNF:14
FNH:11
FNDA:7,(anonymous_0)
FNDA:3,(anonymous_1)
FNDA:2,(anonymous_2)
FNDA:2,(anonymous_3)
FNDA:0,(anonymous_4)
FNDA:2,(anonymous_5)
FNDA:3,(anonymous_6)
FNDA:2,(anonymous_7)
FNDA:0,(anonymous_8)
FNDA:2,(anonymous_9)
FNDA:1,(anonymous_10)
FNDA:1,(anonymous_11)
FNDA:0,(anonymous_12)
FNDA:27,(anonymous_13)
DA:16,2
DA:26,7
DA:28,7
DA:36,7
DA:38,7
DA:39,3
DA:42,4
DA:46,3
DA:53,2
DA:60,2
DA:68,0
DA:77,2
DA:79,2
DA:87,3
DA:89,3
DA:90,3
DA:92,2
DA:100,1
DA:104,1
DA:109,2
DA:111,2
DA:112,2
DA:114,1
DA:122,1
DA:126,1
DA:131,0
DA:132,0
DA:133,0
DA:136,0
DA:137,0
DA:138,0
DA:141,0
DA:147,0
DA:152,2
DA:153,2
DA:155,2
DA:156,2
DA:157,1
DA:160,1
DA:170,1
DA:178,1
DA:179,0
DA:183,27
LF:43
LH:33
BRDA:16,0,0,0
BRDA:16,0,1,2
BRDA:24,1,0,0
BRDA:38,2,0,3
BRDA:38,2,1,4
BRDA:39,3,0,3
BRDA:39,3,1,0
BRDA:101,4,0,1
BRDA:101,4,1,0
BRDA:123,5,0,1
BRDA:123,5,1,0
BRDA:132,6,0,0
BRDA:132,6,1,0
BRDA:153,7,0,0
BRDA:153,7,1,2
BRF:15
BRH:7
end_of_record
TN:
SF:src/store/chatStore.ts
FN:36,(anonymous_0)
FN:41,(anonymous_1)
FN:65,(anonymous_2)
FN:71,(anonymous_3)
FN:78,(anonymous_4)
FN:85,(anonymous_5)
FN:94,(anonymous_6)
FN:100,(anonymous_7)
FN:102,(anonymous_8)
FN:103,(anonymous_9)
FN:108,(anonymous_10)
FN:109,(anonymous_11)
FN:110,(anonymous_12)
FN:115,(anonymous_13)
FN:116,(anonymous_14)
FN:117,(anonymous_15)
FN:128,(anonymous_16)
FN:130,(anonymous_17)
FN:131,(anonymous_18)
FN:132,(anonymous_19)
FN:139,(anonymous_20)
FN:140,(anonymous_21)
FN:141,(anonymous_22)
FN:145,(anonymous_23)
FN:153,(anonymous_24)
FN:154,(anonymous_25)
FN:155,(anonymous_26)
FN:159,(anonymous_27)
FN:165,(anonymous_28)
FN:166,(anonymous_29)
FN:167,(anonymous_30)
FN:169,(anonymous_31)
FN:171,(anonymous_32)
FN:174,(anonymous_33)
FN:177,(anonymous_34)
FN:180,(anonymous_35)
FN:183,(anonymous_36)
FN:185,(anonymous_37)
FN:190,(anonymous_38)
FNF:39
FNH:0
FNDA:0,(anonymous_0)
FNDA:0,(anonymous_1)
FNDA:0,(anonymous_2)
FNDA:0,(anonymous_3)
FNDA:0,(anonymous_4)
FNDA:0,(anonymous_5)
FNDA:0,(anonymous_6)
FNDA:0,(anonymous_7)
FNDA:0,(anonymous_8)
FNDA:0,(anonymous_9)
FNDA:0,(anonymous_10)
FNDA:0,(anonymous_11)
FNDA:0,(anonymous_12)
FNDA:0,(anonymous_13)
FNDA:0,(anonymous_14)
FNDA:0,(anonymous_15)
FNDA:0,(anonymous_16)
FNDA:0,(anonymous_17)
FNDA:0,(anonymous_18)
FNDA:0,(anonymous_19)
FNDA:0,(anonymous_20)
FNDA:0,(anonymous_21)
FNDA:0,(anonymous_22)
FNDA:0,(anonymous_23)
FNDA:0,(anonymous_24)
FNDA:0,(anonymous_25)
FNDA:0,(anonymous_26)
FNDA:0,(anonymous_27)
FNDA:0,(anonymous_28)
FNDA:0,(anonymous_29)
FNDA:0,(anonymous_30)
FNDA:0,(anonymous_31)
FNDA:0,(anonymous_32)
FNDA:0,(anonymous_33)
FNDA:0,(anonymous_34)
FNDA:0,(anonymous_35)
FNDA:0,(anonymous_36)
FNDA:0,(anonymous_37)
FNDA:0,(anonymous_38)
DA:30,0
DA:37,0
DA:38,0
DA:45,0
DA:47,0
DA:56,0
DA:58,0
DA:59,0
DA:62,0
DA:66,0
DA:72,0
DA:79,0
DA:86,0
DA:92,0
DA:94,0
DA:100,0
DA:103,0
DA:109,0
DA:111,0
DA:116,0
DA:117,0
DA:118,0
DA:122,0
DA:128,0
DA:131,0
DA:133,0
DA:140,0
DA:142,0
DA:146,0
DA:154,0
DA:156,0
DA:159,0
DA:165,0
DA:166,0
DA:167,0
DA:170,0
DA:171,0
DA:175,0
DA:176,0
DA:177,0
DA:178,0
DA:180,0
DA:184,0
DA:185,0
DA:190,0
LF:45
LH:0
BRDA:30,0,0,0
BRDA:30,0,1,0
BRDA:37,1,0,0
BRDA:37,1,1,0
BRDA:38,2,0,0
BRDA:38,2,1,0
BRDA:43,3,0,0
BRDA:58,4,0,0
BRDA:58,4,1,0
BRDA:59,5,0,0
BRDA:59,5,1,0
BRDA:65,6,0,0
BRDA:65,7,0,0
BRDA:111,8,0,0
BRDA:111,8,1,0
BRDA:118,9,0,0
BRDA:118,9,1,0
BRDA:119,10,0,0
BRDA:119,10,1,0
BRDA:133,11,0,0
BRDA:133,11,1,0
BRDA:142,12,0,0
BRDA:142,12,1,0
BRDA:146,13,0,0
BRDA:146,13,1,0
BRDA:156,14,0,0
BRDA:156,14,1,0
BRDA:171,15,0,0
BRDA:171,15,1,0
BRDA:176,16,0,0
BRDA:176,16,1,0
BRDA:178,17,0,0
BRDA:178,17,1,0
BRF:33
BRH:0
end_of_record
TN:
SF:src/store/collaborationStore.ts
FN:83,(anonymous_0)
FN:84,(anonymous_1)
FN:101,(anonymous_2)
FN:109,(anonymous_3)
FN:123,(anonymous_4)
FN:137,(anonymous_5)
FN:176,(anonymous_6)
FN:208,(anonymous_7)
FN:247,(anonymous_8)
FN:262,(anonymous_9)
FN:270,(anonymous_10)
FN:290,(anonymous_11)
FN:298,(anonymous_12)
FN:309,(anonymous_13)
FN:366,(anonymous_14)
FN:394,(anonymous_15)
FN:419,(anonymous_16)
FN:439,(anonymous_17)
FN:477,(anonymous_18)
FN:569,(anonymous_19)
FN:577,(anonymous_20)
FN:609,(anonymous_21)
FN:624,(anonymous_22)
FN:627,(anonymous_23)
FN:635,(anonymous_24)
FN:658,(anonymous_25)
FN:661,(anonymous_26)
FN:679,(anonymous_27)
FN:683,(anonymous_28)
FN:702,(anonymous_29)
FN:727,(anonymous_30)
FN:741,(anonymous_31)
FN:756,(anonymous_32)
FN:771,(anonymous_33)
FN:777,(anonymous_34)
FN:780,(anonymous_35)
FN:786,(anonymous_36)
FN:791,(anonymous_37)
FN:795,(anonymous_38)
FN:799,(anonymous_39)
FN:805,(anonymous_40)
FN:817,(anonymous_41)
FN:831,(anonymous_42)
FN:835,(anonymous_43)
FN:848,(anonymous_44)
FN:849,(anonymous_45)
FN:853,(anonymous_46)
FN:864,(anonymous_47)
FN:876,(anonymous_48)
FNF:49
FNH:0
FNDA:0,(anonymous_0)
FNDA:0,(anonymous_1)
FNDA:0,(anonymous_2)
FNDA:0,(anonymous_3)
FNDA:0,(anonymous_4)
FNDA:0,(anonymous_5)
FNDA:0,(anonymous_6)
FNDA:0,(anonymous_7)
FNDA:0,(anonymous_8)
FNDA:0,(anonymous_9)
FNDA:0,(anonymous_10)
FNDA:0,(anonymous_11)
FNDA:0,(anonymous_12)
FNDA:0,(anonymous_13)
FNDA:0,(anonymous_14)
FNDA:0,(anonymous_15)
FNDA:0,(anonymous_16)
FNDA:0,(anonymous_17)
FNDA:0,(anonymous_18)
FNDA:0,(anonymous_19)
FNDA:0,(anonymous_20)
FNDA:0,(anonymous_21)
FNDA:0,(anonymous_22)
FNDA:0,(anonymous_23)
FNDA:0,(anonymous_24)
FNDA:0,(anonymous_25)
FNDA:0,(anonymous_26)
FNDA:0,(anonymous_27)
FNDA:0,(anonymous_28)
FNDA:0,(anonymous_29)
FNDA:0,(anonymous_30)
FNDA:0,(anonymous_31)
FNDA:0,(anonymous_32)
FNDA:0,(anonymous_33)
FNDA:0,(anonymous_34)
FNDA:0,(anonymous_35)
FNDA:0,(anonymous_36)
FNDA:0,(anonymous_37)
FNDA:0,(anonymous_38)
FNDA:0,(anonymous_39)
FNDA:0,(anonymous_40)
FNDA:0,(anonymous_41)
FNDA:0,(anonymous_42)
FNDA:0,(anonymous_43)
FNDA:0,(anonymous_44)
FNDA:0,(anonymous_45)
FNDA:0,(anonymous_46)
FNDA:0,(anonymous_47)
FNDA:0,(anonymous_48)
DA:83,0
DA:85,0
DA:86,0
DA:92,0
DA:98,0
DA:102,0
DA:103,0
DA:108,0
DA:109,0
DA:110,0
DA:114,0
DA:120,0
DA:124,0
DA:128,0
DA:134,0
DA:138,0
DA:139,0
DA:141,0
DA:142,0
DA:145,0
DA:146,0
DA:150,0
DA:156,0
DA:159,0
DA:160,0
DA:163,0
DA:170,0
DA:176,0
DA:179,0
DA:182,0
DA:187,0
DA:188,0
DA:191,0
DA:192,0
DA:195,0
DA:198,0
DA:206,0
DA:208,0
DA:248,0
DA:249,0
DA:250,0
DA:253,0
DA:255,0
DA:256,0
DA:257,0
DA:259,0
DA:260,0
DA:261,0
DA:262,0
DA:263,0
DA:264,0
DA:267,0
DA:270,0
DA:271,0
DA:272,0
DA:277,0
DA:282,0
DA:283,0
DA:291,0
DA:292,0
DA:293,0
DA:294,0
DA:299,0
DA:300,0
DA:305,0
DA:310,0
DA:311,0
DA:313,0
DA:314,0
DA:317,0
DA:318,0
DA:346,0
DA:352,0
DA:360,0
DA:362,0
DA:363,0
DA:367,0
DA:369,0
DA:370,0
DA:374,0
DA:380,0
DA:385,0
DA:391,0
DA:395,0
DA:396,0
DA:398,0
DA:400,0
DA:401,0
DA:408,0
DA:416,0
DA:421,0
DA:423,0
DA:424,0
DA:425,0
DA:435,0
DA:440,0
DA:442,0
DA:444,0
DA:452,0
DA:455,0
DA:458,0
DA:466,0
DA:472,0
DA:478,0
DA:481,0
DA:482,0
DA:483,0
DA:486,0
DA:490,0
DA:492,0
DA:493,0
DA:497,0
DA:502,0
DA:505,0
DA:506,0
DA:508,0
DA:513,0
DA:516,0
DA:517,0
DA:518,0
DA:536,0
DA:539,0
DA:540,0
DA:541,0
DA:559,0
DA:563,0
DA:570,0
DA:571,0
DA:578,0
DA:580,0
DA:592,0
DA:593,0
DA:596,0
DA:599,0
DA:604,0
DA:610,0
DA:613,0
DA:616,0
DA:621,0
DA:625,0
DA:627,0
DA:628,0
DA:631,0
DA:636,0
DA:637,0
DA:639,0
DA:641,0
DA:650,0
DA:658,0
DA:662,0
DA:663,0
DA:665,0
DA:666,0
DA:669,0
DA:670,0
DA:671,0
DA:681,0
DA:683,0
DA:684,0
DA:688,0
DA:689,0
DA:699,0
DA:703,0
DA:704,0
DA:706,0
DA:707,0
DA:718,0
DA:722,0
DA:728,0
DA:729,0
DA:731,0
DA:732,0
DA:742,0
DA:744,0
DA:752,0
DA:757,0
DA:758,0
DA:765,0
DA:770,0
DA:771,0
DA:772,0
DA:778,0
DA:779,0
DA:781,0
DA:787,0
DA:792,0
DA:796,0
DA:800,0
DA:801,0
DA:802,0
DA:806,0
DA:807,0
DA:808,0
DA:810,0
DA:811,0
DA:813,0
DA:818,0
DA:820,0
DA:821,0
DA:824,0
DA:832,0
DA:835,0
DA:836,0
DA:839,0
DA:844,0
DA:849,0
DA:854,0
DA:859,0
DA:864,0
DA:876,0
DA:877,0
DA:878,0
DA:880,0
DA:881,0
LF:214
LH:0
BRDA:108,0,0,0
BRDA:108,0,1,0
BRDA:108,1,0,0
BRDA:108,1,1,0
BRDA:139,2,0,0
BRDA:139,2,1,0
BRDA:139,2,2,0
BRDA:139,2,3,0
BRDA:139,2,4,0
BRDA:139,2,5,0
BRDA:139,2,6,0
BRDA:139,2,7,0
BRDA:199,3,0,0
BRDA:199,3,1,0
BRDA:249,4,0,0
BRDA:249,4,1,0
BRDA:249,5,0,0
BRDA:249,5,1,0
BRDA:271,6,0,0
BRDA:271,6,1,0
BRDA:284,7,0,0
BRDA:284,7,1,0
BRDA:292,8,0,0
BRDA:292,8,1,0
BRDA:313,9,0,0
BRDA:313,9,1,0
BRDA:341,10,0,0
BRDA:341,10,1,0
BRDA:369,11,0,0
BRDA:369,11,1,0
BRDA:369,12,0,0
BRDA:369,12,1,0
BRDA:398,13,0,0
BRDA:398,13,1,0
BRDA:400,14,0,0
BRDA:400,14,1,0
BRDA:400,15,0,0
BRDA:400,15,1,0
BRDA:424,16,0,0
BRDA:424,16,1,0
BRDA:442,17,0,0
BRDA:442,17,1,0
BRDA:442,18,0,0
BRDA:442,18,1,0
BRDA:482,19,0,0
BRDA:482,19,1,0
BRDA:490,20,0,0
BRDA:490,20,1,0
BRDA:490,20,2,0
BRDA:490,20,3,0
BRDA:511,21,0,0
BRDA:511,21,1,0
BRDA:516,22,0,0
BRDA:516,22,1,0
BRDA:539,23,0,0
BRDA:539,23,1,0
BRDA:586,24,0,0
BRDA:586,24,1,0
BRDA:587,25,0,0
BRDA:587,25,1,0
BRDA:588,26,0,0
BRDA:588,26,1,0
BRDA:592,27,0,0
BRDA:592,27,1,0
BRDA:592,28,0,0
BRDA:592,28,1,0
BRDA:639,29,0,0
BRDA:639,29,1,0
BRDA:643,30,0,0
BRDA:643,30,1,0
BRDA:665,31,0,0
BRDA:665,31,1,0
BRDA:665,32,0,0
BRDA:665,32,1,0
BRDA:665,32,2,0
BRDA:670,33,0,0
BRDA:670,33,1,0
BRDA:684,34,0,0
BRDA:684,34,1,0
BRDA:688,35,0,0
BRDA:688,35,1,0
BRDA:691,36,0,0
BRDA:691,36,1,0
BRDA:706,37,0,0
BRDA:706,37,1,0
BRDA:711,38,0,0
BRDA:711,38,1,0
BRDA:712,39,0,0
BRDA:712,39,1,0
BRDA:731,40,0,0
BRDA:731,40,1,0
BRDA:745,41,0,0
BRDA:745,41,1,0
BRDA:746,42,0,0
BRDA:746,42,1,0
BRDA:770,43,0,0
BRDA:770,43,1,0
BRDA:781,44,0,0
BRDA:781,44,1,0
BRDA:801,45,0,0
BRDA:801,45,1,0
BRDA:807,46,0,0
BRDA:807,46,1,0
BRDA:808,47,0,0
BRDA:808,47,1,0
BRDA:808,48,0,0
BRDA:808,48,1,0
BRDA:811,49,0,0
BRDA:811,49,1,0
BRDA:813,50,0,0
BRDA:813,50,1,0
BRDA:820,51,0,0
BRDA:820,51,1,0
BRDA:820,52,0,0
BRDA:820,52,1,0
BRDA:826,53,0,0
BRDA:826,53,1,0
BRDA:827,54,0,0
BRDA:827,54,1,0
BRDA:880,55,0,0
BRDA:880,55,1,0
BRF:121
BRH:0
end_of_record
TN:
SF:src/store/historyStore.ts
FN:78,(anonymous_0)
FN:107,(anonymous_1)
FN:131,(anonymous_2)
FN:155,(anonymous_3)
FN:156,(anonymous_4)
FN:159,(anonymous_5)
FN:167,(anonymous_6)
FN:188,(anonymous_7)
FN:191,(anonymous_8)
FN:237,(anonymous_9)
FN:251,(anonymous_10)
FN:255,(anonymous_11)
FN:256,(anonymous_12)
FN:264,(anonymous_13)
FN:290,(anonymous_14)
FN:295,(anonymous_15)
FN:299,(anonymous_16)
FN:300,(anonymous_17)
FN:305,(anonymous_18)
FN:312,(anonymous_19)
FN:316,(anonymous_20)
FN:317,(anonymous_21)
FN:322,(anonymous_22)
FN:323,(anonymous_23)
FN:329,(anonymous_24)
FN:331,(anonymous_25)
FN:336,(anonymous_26)
FN:339,(anonymous_27)
FN:343,(anonymous_28)
FN:363,(anonymous_29)
FN:366,(anonymous_30)
FN:370,(anonymous_31)
FN:403,(anonymous_32)
FN:404,(anonymous_33)
FN:410,(anonymous_34)
FN:419,(anonymous_35)
FN:420,(anonymous_36)
FN:421,(anonymous_37)
FN:422,(anonymous_38)
FN:426,(anonymous_39)
FN:429,(anonymous_40)
FN:439,(anonymous_41)
FN:450,(anonymous_42)
FN:455,(anonymous_43)
FN:464,(anonymous_44)
FN:469,(anonymous_45)
FN:477,(anonymous_46)
FN:481,(anonymous_47)
FN:489,(anonymous_48)
FN:496,(anonymous_49)
FN:517,(anonymous_50)
FN:522,(anonymous_51)
FN:526,(anonymous_52)
FN:534,(anonymous_53)
FN:560,(anonymous_54)
FN:561,(anonymous_55)
FN:565,(anonymous_56)
FN:571,(anonymous_57)
FN:588,(anonymous_58)
FN:593,(anonymous_59)
FN:602,(anonymous_60)
FN:606,(anonymous_61)
FN:610,(anonymous_62)
FN:612,(anonymous_63)
FN:618,(anonymous_64)
FN:621,(anonymous_65)
FN:625,(anonymous_66)
FN:629,(anonymous_67)
FN:630,(anonymous_68)
FN:633,(anonymous_69)
FN:633,(anonymous_70)
FN:647,(anonymous_71)
FN:653,(anonymous_72)
FN:661,(anonymous_73)
FN:678,(anonymous_74)
FN:693,(anonymous_75)
FNF:76
FNH:0
FNDA:0,(anonymous_0)
FNDA:0,(anonymous_1)
FNDA:0,(anonymous_2)
FNDA:0,(anonymous_3)
FNDA:0,(anonymous_4)
FNDA:0,(anonymous_5)
FNDA:0,(anonymous_6)
FNDA:0,(anonymous_7)
FNDA:0,(anonymous_8)
FNDA:0,(anonymous_9)
FNDA:0,(anonymous_10)
FNDA:0,(anonymous_11)
FNDA:0,(anonymous_12)
FNDA:0,(anonymous_13)
FNDA:0,(anonymous_14)
FNDA:0,(anonymous_15)
FNDA:0,(anonymous_16)
FNDA:0,(anonymous_17)
FNDA:0,(anonymous_18)
FNDA:0,(anonymous_19)
FNDA:0,(anonymous_20)
FNDA:0,(anonymous_21)
FNDA:0,(anonymous_22)
FNDA:0,(anonymous_23)
FNDA:0,(anonymous_24)
FNDA:0,(anonymous_25)
FNDA:0,(anonymous_26)
FNDA:0,(anonymous_27)
FNDA:0,(anonymous_28)
FNDA:0,(anonymous_29)
FNDA:0,(anonymous_30)
FNDA:0,(anonymous_31)
FNDA:0,(anonymous_32)
FNDA:0,(anonymous_33)
FNDA:0,(anonymous_34)
FNDA:0,(anonymous_35)
FNDA:0,(anonymous_36)
FNDA:0,(anonymous_37)
FNDA:0,(anonymous_38)
FNDA:0,(anonymous_39)
FNDA:0,(anonymous_40)
FNDA:0,(anonymous_41)
FNDA:0,(anonymous_42)
FNDA:0,(anonymous_43)
FNDA:0,(anonymous_44)
FNDA:0,(anonymous_45)
FNDA:0,(anonymous_46)
FNDA:0,(anonymous_47)
FNDA:0,(anonymous_48)
FNDA:0,(anonymous_49)
FNDA:0,(anonymous_50)
FNDA:0,(anonymous_51)
FNDA:0,(anonymous_52)
FNDA:0,(anonymous_53)
FNDA:0,(anonymous_54)
FNDA:0,(anonymous_55)
FNDA:0,(anonymous_56)
FNDA:0,(anonymous_57)
FNDA:0,(anonymous_58)
FNDA:0,(anonymous_59)
FNDA:0,(anonymous_60)
FNDA:0,(anonymous_61)
FNDA:0,(anonymous_62)
FNDA:0,(anonymous_63)
FNDA:0,(anonymous_64)
FNDA:0,(anonymous_65)
FNDA:0,(anonymous_66)
FNDA:0,(anonymous_67)
FNDA:0,(anonymous_68)
FNDA:0,(anonymous_69)
FNDA:0,(anonymous_70)
FNDA:0,(anonymous_71)
FNDA:0,(anonymous_72)
FNDA:0,(anonymous_73)
FNDA:0,(anonymous_74)
FNDA:0,(anonymous_75)
DA:76,0
DA:78,0
DA:108,0
DA:109,0
DA:111,0
DA:112,0
DA:114,0
DA:115,0
DA:117,0
DA:123,0
DA:128,0
DA:132,0
DA:133,0
DA:135,0
DA:136,0
DA:138,0
DA:139,0
DA:141,0
DA:147,0
DA:152,0
DA:155,0
DA:156,0
DA:160,0
DA:161,0
DA:163,0
DA:166,0
DA:167,0
DA:168,0
DA:169,0
DA:177,0
DA:183,0
DA:184,0
DA:189,0
DA:190,0
DA:191,0
DA:193,0
DA:205,0
DA:206,0
DA:207,0
DA:213,0
DA:214,0
DA:215,0
DA:218,0
DA:226,0
DA:233,0
DA:238,0
DA:239,0
DA:241,0
DA:242,0
DA:247,0
DA:252,0
DA:253,0
DA:254,0
DA:255,0
DA:256,0
DA:258,0
DA:259,0
DA:265,0
DA:266,0
DA:267,0
DA:277,0
DA:281,0
DA:287,0
DA:291,0
DA:296,0
DA:297,0
DA:298,0
DA:299,0
DA:300,0
DA:302,0
DA:304,0
DA:305,0
DA:306,0
DA:311,0
DA:312,0
DA:315,0
DA:316,0
DA:317,0
DA:321,0
DA:322,0
DA:323,0
DA:327,0
DA:328,0
DA:329,0
DA:330,0
DA:331,0
DA:336,0
DA:340,0
DA:344,0
DA:345,0
DA:346,0
DA:348,0
DA:350,0
DA:364,0
DA:365,0
DA:366,0
DA:371,0
DA:372,0
DA:373,0
DA:375,0
DA:376,0
DA:388,0
DA:395,0
DA:404,0
DA:411,0
DA:412,0
DA:414,0
DA:415,0
DA:417,0
DA:418,0
DA:419,0
DA:420,0
DA:421,0
DA:422,0
DA:425,0
DA:426,0
DA:429,0
DA:430,0
DA:431,0
DA:435,0
DA:439,0
DA:443,0
DA:452,0
DA:456,0
DA:457,0
DA:459,0
DA:460,0
DA:464,0
DA:468,0
DA:469,0
DA:477,0
DA:482,0
DA:483,0
DA:484,0
DA:485,0
DA:488,0
DA:489,0
DA:490,0
DA:494,0
DA:495,0
DA:496,0
DA:499,0
DA:504,0
DA:510,0
DA:518,0
DA:519,0
DA:521,0
DA:522,0
DA:525,0
DA:526,0
DA:527,0
DA:531,0
DA:532,0
DA:534,0
DA:535,0
DA:536,0
DA:539,0
DA:540,0
DA:541,0
DA:543,0
DA:561,0
DA:566,0
DA:567,0
DA:569,0
DA:571,0
DA:573,0
DA:579,0
DA:581,0
DA:582,0
DA:589,0
DA:590,0
DA:593,0
DA:595,0
DA:598,0
DA:603,0
DA:604,0
DA:605,0
DA:606,0
DA:609,0
DA:610,0
DA:611,0
DA:613,0
DA:619,0
DA:620,0
DA:621,0
DA:626,0
DA:627,0
DA:628,0
DA:629,0
DA:630,0
DA:633,0
DA:634,0
DA:635,0
DA:636,0
DA:637,0
DA:638,0
DA:639,0
DA:643,0
DA:648,0
DA:651,0
DA:652,0
DA:653,0
DA:654,0
DA:656,0
DA:660,0
DA:661,0
DA:662,0
DA:663,0
DA:669,0
DA:678,0
DA:693,0
DA:694,0
DA:695,0
LF:213
LH:0
BRDA:109,0,0,0
BRDA:109,0,1,0
BRDA:112,1,0,0
BRDA:112,1,1,0
BRDA:120,2,0,0
BRDA:120,2,1,0
BRDA:125,3,0,0
BRDA:125,3,1,0
BRDA:133,4,0,0
BRDA:133,4,1,0
BRDA:136,5,0,0
BRDA:136,5,1,0
BRDA:161,6,0,0
BRDA:161,6,1,0
BRDA:166,7,0,0
BRDA:166,7,1,0
BRDA:168,8,0,0
BRDA:168,8,1,0
BRDA:183,9,0,0
BRDA:183,9,1,0
BRDA:191,10,0,0
BRDA:191,10,1,0
BRDA:206,11,0,0
BRDA:206,11,1,0
BRDA:214,12,0,0
BRDA:214,12,1,0
BRDA:241,13,0,0
BRDA:241,13,1,0
BRDA:253,14,0,0
BRDA:253,14,1,0
BRDA:256,15,0,0
BRDA:256,15,1,0
BRDA:258,16,0,0
BRDA:258,16,1,0
BRDA:291,17,0,0
BRDA:291,17,1,0
BRDA:297,18,0,0
BRDA:297,18,1,0
BRDA:302,19,0,0
BRDA:302,19,1,0
BRDA:304,20,0,0
BRDA:304,20,1,0
BRDA:306,21,0,0
BRDA:306,21,1,0
BRDA:311,22,0,0
BRDA:311,22,1,0
BRDA:315,23,0,0
BRDA:315,23,1,0
BRDA:315,24,0,0
BRDA:315,24,1,0
BRDA:321,25,0,0
BRDA:321,25,1,0
BRDA:321,26,0,0
BRDA:321,26,1,0
BRDA:327,27,0,0
BRDA:327,27,1,0
BRDA:330,28,0,0
BRDA:330,28,1,0
BRDA:340,29,0,0
BRDA:340,29,1,0
BRDA:348,30,0,0
BRDA:348,30,1,0
BRDA:348,31,0,0
BRDA:348,31,1,0
BRDA:366,32,0,0
BRDA:366,32,1,0
BRDA:375,33,0,0
BRDA:375,33,1,0
BRDA:375,34,0,0
BRDA:375,34,1,0
BRDA:410,35,0,0
BRDA:412,36,0,0
BRDA:412,37,0,0
BRDA:417,38,0,0
BRDA:417,38,1,0
BRDA:430,39,0,0
BRDA:430,39,1,0
BRDA:459,40,0,0
BRDA:459,40,1,0
BRDA:483,41,0,0
BRDA:483,41,1,0
BRDA:495,42,0,0
BRDA:495,42,1,0
BRDA:511,43,0,0
BRDA:511,43,1,0
BRDA:521,44,0,0
BRDA:521,44,1,0
BRDA:525,45,0,0
BRDA:525,45,1,0
BRDA:527,46,0,0
BRDA:527,46,1,0
BRDA:535,47,0,0
BRDA:535,47,1,0
BRDA:536,48,0,0
BRDA:536,48,1,0
BRDA:583,49,0,0
BRDA:583,49,1,0
BRDA:590,50,0,0
BRDA:590,50,1,0
BRDA:605,51,0,0
BRDA:605,51,1,0
BRDA:611,52,0,0
BRDA:611,52,1,0
BRDA:618,53,0,0
BRDA:627,54,0,0
BRDA:627,54,1,0
BRDA:637,55,0,0
BRDA:637,55,1,0
BRDA:637,56,0,0
BRDA:637,56,1,0
BRDA:637,56,2,0
BRDA:651,57,0,0
BRDA:651,57,1,0
BRDA:660,58,0,0
BRDA:660,58,1,0
BRDA:660,59,0,0
BRDA:660,59,1,0
BRDA:663,60,0,0
BRDA:663,60,1,0
BRF:119
BRH:0
end_of_record
TN:
SF:src/store/notificationStore.ts
FN:111,(anonymous_0)
FN:124,(anonymous_1)
FN:128,(anonymous_2)
FN:158,(anonymous_3)
FN:174,(anonymous_4)
FN:186,(anonymous_5)
FN:196,(anonymous_6)
FN:208,(anonymous_7)
FN:209,(anonymous_8)
FN:225,(anonymous_9)
FN:226,(anonymous_10)
FN:230,(anonymous_11)
FN:244,(anonymous_12)
FN:245,(anonymous_13)
FN:261,(anonymous_14)
FN:262,(anonymous_15)
FN:265,(anonymous_16)
FN:276,(anonymous_17)
FN:277,(anonymous_18)
FN:291,(anonymous_19)
FN:292,(anonymous_20)
FN:296,(anonymous_21)
FN:311,(anonymous_22)
FN:313,(anonymous_23)
FN:315,(anonymous_24)
FN:316,(anonymous_25)
FN:321,(anonymous_26)
FN:323,(anonymous_27)
FN:326,(anonymous_28)
FN:327,(anonymous_29)
FN:350,(anonymous_30)
FN:351,(anonymous_31)
FN:359,(anonymous_32)
FN:360,(anonymous_33)
FN:368,(anonymous_34)
FN:369,(anonymous_35)
FN:377,(anonymous_36)
FN:378,(anonymous_37)
FN:404,(anonymous_38)
FN:405,(anonymous_39)
FN:413,(anonymous_40)
FN:414,(anonymous_41)
FN:422,(anonymous_42)
FN:423,(anonymous_43)
FN:444,(anonymous_44)
FN:445,(anonymous_45)
FN:453,(anonymous_46)
FN:467,(anonymous_47)
FN:474,(anonymous_48)
FN:482,(anonymous_49)
FN:483,(anonymous_50)
FN:490,(anonymous_51)
FN:491,(anonymous_52)
FN:516,(anonymous_53)
FN:517,(anonymous_54)
FN:522,(anonymous_55)
FN:527,(anonymous_56)
FN:531,(anonymous_57)
FN:540,(anonymous_58)
FN:541,(anonymous_59)
FN:546,(anonymous_60)
FN:547,(anonymous_61)
FN:556,(anonymous_62)
FN:570,(anonymous_63)
FN:601,(anonymous_64)
FN:611,(anonymous_65)
FN:614,(anonymous_66)
FN:619,(anonymous_67)
FN:624,(anonymous_68)
FN:630,(anonymous_69)
FN:631,(anonymous_70)
FN:639,(anonymous_71)
FN:652,(anonymous_72)
FN:658,(anonymous_73)
FN:661,(anonymous_74)
FN:664,(anonymous_75)
FN:667,(anonymous_76)
FN:670,(anonymous_77)
FN:677,(anonymous_78)
FN:699,(anonymous_79)
FN:700,(anonymous_80)
FN:703,(anonymous_81)
FN:709,(anonymous_82)
FN:724,(anonymous_83)
FN:749,(anonymous_84)
FN:754,(anonymous_85)
FN:763,(anonymous_86)
FNF:87
FNH:0
FNDA:0,(anonymous_0)
FNDA:0,(anonymous_1)
FNDA:0,(anonymous_2)
FNDA:0,(anonymous_3)
FNDA:0,(anonymous_4)
FNDA:0,(anonymous_5)
FNDA:0,(anonymous_6)
FNDA:0,(anonymous_7)
FNDA:0,(anonymous_8)
FNDA:0,(anonymous_9)
FNDA:0,(anonymous_10)
FNDA:0,(anonymous_11)
FNDA:0,(anonymous_12)
FNDA:0,(anonymous_13)
FNDA:0,(anonymous_14)
FNDA:0,(anonymous_15)
FNDA:0,(anonymous_16)
FNDA:0,(anonymous_17)
FNDA:0,(anonymous_18)
FNDA:0,(anonymous_19)
FNDA:0,(anonymous_20)
FNDA:0,(anonymous_21)
FNDA:0,(anonymous_22)
FNDA:0,(anonymous_23)
FNDA:0,(anonymous_24)
FNDA:0,(anonymous_25)
FNDA:0,(anonymous_26)
FNDA:0,(anonymous_27)
FNDA:0,(anonymous_28)
FNDA:0,(anonymous_29)
FNDA:0,(anonymous_30)
FNDA:0,(anonymous_31)
FNDA:0,(anonymous_32)
FNDA:0,(anonymous_33)
FNDA:0,(anonymous_34)
FNDA:0,(anonymous_35)
FNDA:0,(anonymous_36)
FNDA:0,(anonymous_37)
FNDA:0,(anonymous_38)
FNDA:0,(anonymous_39)
FNDA:0,(anonymous_40)
FNDA:0,(anonymous_41)
FNDA:0,(anonymous_42)
FNDA:0,(anonymous_43)
FNDA:0,(anonymous_44)
FNDA:0,(anonymous_45)
FNDA:0,(anonymous_46)
FNDA:0,(anonymous_47)
FNDA:0,(anonymous_48)
FNDA:0,(anonymous_49)
FNDA:0,(anonymous_50)
FNDA:0,(anonymous_51)
FNDA:0,(anonymous_52)
FNDA:0,(anonymous_53)
FNDA:0,(anonymous_54)
FNDA:0,(anonymous_55)
FNDA:0,(anonymous_56)
FNDA:0,(anonymous_57)
FNDA:0,(anonymous_58)
FNDA:0,(anonymous_59)
FNDA:0,(anonymous_60)
FNDA:0,(anonymous_61)
FNDA:0,(anonymous_62)
FNDA:0,(anonymous_63)
FNDA:0,(anonymous_64)
FNDA:0,(anonymous_65)
FNDA:0,(anonymous_66)
FNDA:0,(anonymous_67)
FNDA:0,(anonymous_68)
FNDA:0,(anonymous_69)
FNDA:0,(anonymous_70)
FNDA:0,(anonymous_71)
FNDA:0,(anonymous_72)
FNDA:0,(anonymous_73)
FNDA:0,(anonymous_74)
FNDA:0,(anonymous_75)
FNDA:0,(anonymous_76)
FNDA:0,(anonymous_77)
FNDA:0,(anonymous_78)
FNDA:0,(anonymous_79)
FNDA:0,(anonymous_80)
FNDA:0,(anonymous_81)
FNDA:0,(anonymous_82)
FNDA:0,(anonymous_83)
FNDA:0,(anonymous_84)
FNDA:0,(anonymous_85)
FNDA:0,(anonymous_86)
DA:87,0
DA:95,0
DA:109,0
DA:111,0
DA:125,0
DA:126,0
DA:129,0
DA:130,0
DA:159,0
DA:160,0
DA:174,0
DA:182,0
DA:183,0
DA:187,0
DA:188,0
DA:189,0
DA:190,0
DA:191,0
DA:194,0
DA:196,0
DA:204,0
DA:205,0
DA:209,0
DA:210,0
DA:211,0
DA:213,0
DA:222,0
DA:226,0
DA:227,0
DA:228,0
DA:230,0
DA:231,0
DA:232,0
DA:233,0
DA:237,0
DA:245,0
DA:246,0
DA:247,0
DA:249,0
DA:250,0
DA:252,0
DA:258,0
DA:262,0
DA:263,0
DA:265,0
DA:266,0
DA:269,0
DA:277,0
DA:278,0
DA:279,0
DA:281,0
DA:282,0
DA:284,0
DA:292,0
DA:293,0
DA:294,0
DA:296,0
DA:297,0
DA:298,0
DA:299,0
DA:303,0
DA:311,0
DA:313,0
DA:316,0
DA:321,0
DA:323,0
DA:327,0
DA:328,0
DA:329,0
DA:331,0
DA:351,0
DA:360,0
DA:361,0
DA:362,0
DA:363,0
DA:369,0
DA:378,0
DA:379,0
DA:380,0
DA:382,0
DA:405,0
DA:406,0
DA:407,0
DA:408,0
DA:414,0
DA:423,0
DA:424,0
DA:425,0
DA:427,0
DA:445,0
DA:446,0
DA:447,0
DA:448,0
DA:454,0
DA:455,0
DA:456,0
DA:459,0
DA:461,0
DA:462,0
DA:464,0
DA:468,0
DA:474,0
DA:483,0
DA:484,0
DA:485,0
DA:486,0
DA:491,0
DA:492,0
DA:493,0
DA:495,0
DA:517,0
DA:524,0
DA:527,0
DA:529,0
DA:530,0
DA:531,0
DA:536,0
DA:541,0
DA:547,0
DA:557,0
DA:558,0
DA:560,0
DA:562,0
DA:563,0
DA:564,0
DA:567,0
DA:568,0
DA:570,0
DA:572,0
DA:573,0
DA:575,0
DA:576,0
DA:579,0
DA:581,0
DA:582,0
DA:584,0
DA:586,0
DA:587,0
DA:589,0
DA:592,0
DA:598,0
DA:600,0
DA:601,0
DA:607,0
DA:611,0
DA:616,0
DA:621,0
DA:626,0
DA:631,0
DA:640,0
DA:653,0
DA:654,0
DA:657,0
DA:658,0
DA:660,0
DA:661,0
DA:663,0
DA:664,0
DA:666,0
DA:667,0
DA:669,0
DA:670,0
DA:671,0
DA:677,0
DA:678,0
DA:680,0
DA:682,0
DA:683,0
DA:685,0
DA:686,0
DA:687,0
DA:689,0
DA:690,0
DA:693,0
DA:696,0
DA:700,0
DA:704,0
DA:709,0
DA:724,0
DA:725,0
DA:726,0
DA:729,0
DA:730,0
DA:731,0
DA:744,0
DA:745,0
DA:749,0
DA:751,0
DA:754,0
DA:756,0
DA:757,0
DA:762,0
DA:763,0
DA:764,0
DA:765,0
DA:771,0
LF:196
LH:0
BRDA:159,0,0,0
BRDA:159,0,1,0
BRDA:186,1,0,0
BRDA:189,2,0,0
BRDA:189,2,1,0
BRDA:211,3,0,0
BRDA:211,3,1,0
BRDA:211,4,0,0
BRDA:211,4,1,0
BRDA:231,5,0,0
BRDA:231,5,1,0
BRDA:247,6,0,0
BRDA:247,6,1,0
BRDA:254,7,0,0
BRDA:254,7,1,0
BRDA:279,8,0,0
BRDA:279,8,1,0
BRDA:286,9,0,0
BRDA:286,9,1,0
BRDA:297,10,0,0
BRDA:297,10,1,0
BRDA:298,11,0,0
BRDA:298,11,1,0
BRDA:329,12,0,0
BRDA:329,12,1,0
BRDA:336,13,0,0
BRDA:336,13,1,0
BRDA:337,14,0,0
BRDA:337,14,1,0
BRDA:338,15,0,0
BRDA:338,15,1,0
BRDA:339,16,0,0
BRDA:339,16,1,0
BRDA:380,17,0,0
BRDA:380,17,1,0
BRDA:387,18,0,0
BRDA:387,18,1,0
BRDA:388,19,0,0
BRDA:388,19,1,0
BRDA:389,20,0,0
BRDA:389,20,1,0
BRDA:390,21,0,0
BRDA:390,21,1,0
BRDA:391,22,0,0
BRDA:391,22,1,0
BRDA:392,23,0,0
BRDA:392,23,1,0
BRDA:393,24,0,0
BRDA:393,24,1,0
BRDA:425,25,0,0
BRDA:425,25,1,0
BRDA:432,26,0,0
BRDA:432,26,1,0
BRDA:433,27,0,0
BRDA:433,27,1,0
BRDA:434,28,0,0
BRDA:434,28,1,0
BRDA:435,29,0,0
BRDA:435,29,1,0
BRDA:436,30,0,0
BRDA:436,30,1,0
BRDA:437,31,0,0
BRDA:437,31,1,0
BRDA:454,32,0,0
BRDA:454,32,1,0
BRDA:493,33,0,0
BRDA:493,33,1,0
BRDA:499,34,0,0
BRDA:499,34,1,0
BRDA:500,35,0,0
BRDA:500,35,1,0
BRDA:501,36,0,0
BRDA:501,36,1,0
BRDA:502,37,0,0
BRDA:502,37,1,0
BRDA:503,38,0,0
BRDA:503,38,1,0
BRDA:504,39,0,0
BRDA:504,39,1,0
BRDA:505,40,0,0
BRDA:505,40,1,0
BRDA:506,41,0,0
BRDA:506,41,1,0
BRDA:508,42,0,0
BRDA:508,42,1,0
BRDA:530,43,0,0
BRDA:530,43,1,0
BRDA:558,44,0,0
BRDA:558,44,1,0
BRDA:558,45,0,0
BRDA:558,45,1,0
BRDA:573,46,0,0
BRDA:573,46,1,0
BRDA:576,47,0,0
BRDA:576,47,1,0
BRDA:576,47,2,0
BRDA:576,47,3,0
BRDA:581,48,0,0
BRDA:581,48,1,0
BRDA:586,49,0,0
BRDA:586,49,1,0
BRDA:586,50,0,0
BRDA:586,50,1,0
BRDA:657,51,0,0
BRDA:657,51,1,0
BRDA:660,52,0,0
BRDA:660,52,1,0
BRDA:663,53,0,0
BRDA:663,53,1,0
BRDA:666,54,0,0
BRDA:666,54,1,0
BRDA:669,55,0,0
BRDA:669,55,1,0
BRDA:671,56,0,0
BRDA:671,56,1,0
BRDA:680,57,0,0
BRDA:680,57,1,0
BRDA:680,57,2,0
BRDA:693,58,0,0
BRDA:693,58,1,0
BRDA:725,59,0,0
BRDA:725,59,1,0
BRDA:725,60,0,0
BRDA:725,60,1,0
BRDA:733,61,0,0
BRDA:733,61,1,0
BRDA:756,62,0,0
BRDA:756,62,1,0
BRDA:762,63,0,0
BRDA:762,63,1,0
BRDA:764,64,0,0
BRDA:764,64,1,0
BRDA:764,64,2,0
BRDA:767,65,0,0
BRDA:767,65,1,0
BRF:135
BRH:0
end_of_record
TN:
SF:src/store/onboardingStore.ts
FN:94,(anonymous_0)
FN:96,(anonymous_1)
FN:104,(anonymous_2)
FN:108,(anonymous_3)
FN:127,(anonymous_4)
FN:133,(anonymous_5)
FN:154,(anonymous_6)
FN:167,(anonymous_7)
FN:171,(anonymous_8)
FN:178,(anonymous_9)
FN:184,(anonymous_10)
FN:197,(anonymous_11)
FN:233,(anonymous_12)
FN:248,(anonymous_13)
FN:255,(anonymous_14)
FN:272,(anonymous_15)
FN:285,(anonymous_16)
FN:297,(anonymous_17)
FN:311,(anonymous_18)
FN:312,(anonymous_19)
FN:330,(anonymous_20)
FN:334,(anonymous_21)
FN:335,(anonymous_22)
FN:343,(anonymous_23)
FN:350,(anonymous_24)
FN:354,(anonymous_25)
FN:355,(anonymous_26)
FN:367,(anonymous_27)
FN:368,(anonymous_28)
FN:377,(anonymous_29)
FN:378,(anonymous_30)
FN:384,(anonymous_31)
FN:385,(anonymous_32)
FN:386,(anonymous_33)
FN:390,(anonymous_34)
FN:400,(anonymous_35)
FN:401,(anonymous_36)
FN:407,(anonymous_37)
FN:408,(anonymous_38)
FN:409,(anonymous_39)
FN:414,(anonymous_40)
FN:415,(anonymous_41)
FN:416,(anonymous_42)
FN:417,(anonymous_43)
FN:420,(anonymous_44)
FN:421,(anonymous_45)
FN:427,(anonymous_46)
FN:428,(anonymous_47)
FN:437,(anonymous_48)
FN:446,(anonymous_49)
FN:459,(anonymous_50)
FN:469,(anonymous_51)
FN:490,(anonymous_52)
FN:509,(anonymous_53)
FN:520,(anonymous_54)
FN:527,(anonymous_55)
FN:536,(anonymous_56)
FN:548,(anonymous_57)
FN:563,(anonymous_58)
FNF:59
FNH:0
FNDA:0,(anonymous_0)
FNDA:0,(anonymous_1)
FNDA:0,(anonymous_2)
FNDA:0,(anonymous_3)
FNDA:0,(anonymous_4)
FNDA:0,(anonymous_5)
FNDA:0,(anonymous_6)
FNDA:0,(anonymous_7)
FNDA:0,(anonymous_8)
FNDA:0,(anonymous_9)
FNDA:0,(anonymous_10)
FNDA:0,(anonymous_11)
FNDA:0,(anonymous_12)
FNDA:0,(anonymous_13)
FNDA:0,(anonymous_14)
FNDA:0,(anonymous_15)
FNDA:0,(anonymous_16)
FNDA:0,(anonymous_17)
FNDA:0,(anonymous_18)
FNDA:0,(anonymous_19)
FNDA:0,(anonymous_20)
FNDA:0,(anonymous_21)
FNDA:0,(anonymous_22)
FNDA:0,(anonymous_23)
FNDA:0,(anonymous_24)
FNDA:0,(anonymous_25)
FNDA:0,(anonymous_26)
FNDA:0,(anonymous_27)
FNDA:0,(anonymous_28)
FNDA:0,(anonymous_29)
FNDA:0,(anonymous_30)
FNDA:0,(anonymous_31)
FNDA:0,(anonymous_32)
FNDA:0,(anonymous_33)
FNDA:0,(anonymous_34)
FNDA:0,(anonymous_35)
FNDA:0,(anonymous_36)
FNDA:0,(anonymous_37)
FNDA:0,(anonymous_38)
FNDA:0,(anonymous_39)
FNDA:0,(anonymous_40)
FNDA:0,(anonymous_41)
FNDA:0,(anonymous_42)
FNDA:0,(anonymous_43)
FNDA:0,(anonymous_44)
FNDA:0,(anonymous_45)
FNDA:0,(anonymous_46)
FNDA:0,(anonymous_47)
FNDA:0,(anonymous_48)
FNDA:0,(anonymous_49)
FNDA:0,(anonymous_50)
FNDA:0,(anonymous_51)
FNDA:0,(anonymous_52)
FNDA:0,(anonymous_53)
FNDA:0,(anonymous_54)
FNDA:0,(anonymous_55)
FNDA:0,(anonymous_56)
FNDA:0,(anonymous_57)
FNDA:0,(anonymous_58)
DA:74,0
DA:83,0
DA:92,0
DA:94,0
DA:97,0
DA:98,0
DA:105,0
DA:106,0
DA:109,0
DA:110,0
DA:128,0
DA:129,0
DA:130,0
DA:133,0
DA:134,0
DA:135,0
DA:138,0
DA:139,0
DA:140,0
DA:144,0
DA:154,0
DA:164,0
DA:168,0
DA:172,0
DA:173,0
DA:174,0
DA:179,0
DA:180,0
DA:181,0
DA:182,0
DA:183,0
DA:184,0
DA:198,0
DA:199,0
DA:201,0
DA:202,0
DA:204,0
DA:207,0
DA:208,0
DA:212,0
DA:213,0
DA:214,0
DA:216,0
DA:217,0
DA:222,0
DA:223,0
DA:225,0
DA:227,0
DA:228,0
DA:232,0
DA:233,0
DA:245,0
DA:249,0
DA:250,0
DA:252,0
DA:256,0
DA:257,0
DA:259,0
DA:260,0
DA:262,0
DA:264,0
DA:265,0
DA:267,0
DA:268,0
DA:269,0
DA:272,0
DA:286,0
DA:287,0
DA:289,0
DA:290,0
DA:297,0
DA:307,0
DA:312,0
DA:313,0
DA:314,0
DA:316,0
DA:331,0
DA:335,0
DA:336,0
DA:337,0
DA:338,0
DA:344,0
DA:345,0
DA:346,0
DA:347,0
DA:351,0
DA:355,0
DA:368,0
DA:378,0
DA:381,0
DA:385,0
DA:386,0
DA:391,0
DA:393,0
DA:394,0
DA:396,0
DA:401,0
DA:404,0
DA:408,0
DA:409,0
DA:414,0
DA:415,0
DA:416,0
DA:417,0
DA:421,0
DA:428,0
DA:438,0
DA:439,0
DA:441,0
DA:442,0
DA:448,0
DA:451,0
DA:452,0
DA:453,0
DA:456,0
DA:460,0
DA:461,0
DA:462,0
DA:463,0
DA:464,0
DA:465,0
DA:470,0
DA:472,0
DA:474,0
DA:476,0
DA:478,0
DA:479,0
DA:481,0
DA:482,0
DA:484,0
DA:486,0
DA:491,0
DA:493,0
DA:494,0
DA:496,0
DA:498,0
DA:500,0
DA:501,0
DA:503,0
DA:504,0
DA:505,0
DA:507,0
DA:509,0
DA:510,0
DA:512,0
DA:513,0
DA:515,0
DA:521,0
DA:524,0
DA:525,0
DA:527,0
DA:528,0
DA:537,0
DA:538,0
DA:548,0
DA:560,0
DA:562,0
DA:563,0
DA:564,0
DA:567,0
LF:160
LH:0
BRDA:130,0,0,0
BRDA:130,0,1,0
BRDA:135,1,0,0
BRDA:135,1,1,0
BRDA:138,2,0,0
BRDA:138,2,1,0
BRDA:173,3,0,0
BRDA:173,3,1,0
BRDA:180,4,0,0
BRDA:180,4,1,0
BRDA:182,5,0,0
BRDA:182,5,1,0
BRDA:199,6,0,0
BRDA:199,6,1,0
BRDA:204,7,0,0
BRDA:204,7,1,0
BRDA:207,8,0,0
BRDA:207,8,1,0
BRDA:207,9,0,0
BRDA:207,9,1,0
BRDA:212,10,0,0
BRDA:212,10,1,0
BRDA:225,11,0,0
BRDA:225,11,1,0
BRDA:250,12,0,0
BRDA:250,12,1,0
BRDA:250,13,0,0
BRDA:250,13,1,0
BRDA:257,14,0,0
BRDA:257,14,1,0
BRDA:262,15,0,0
BRDA:262,15,1,0
BRDA:262,16,0,0
BRDA:262,16,1,0
BRDA:267,17,0,0
BRDA:267,17,1,0
BRDA:287,18,0,0
BRDA:287,18,1,0
BRDA:314,19,0,0
BRDA:314,19,1,0
BRDA:331,20,0,0
BRDA:331,20,1,0
BRDA:360,21,0,0
BRDA:360,21,1,0
BRDA:361,22,0,0
BRDA:361,22,1,0
BRDA:394,23,0,0
BRDA:394,23,1,0
BRDA:394,24,0,0
BRDA:394,24,1,0
BRDA:461,25,0,0
BRDA:461,25,1,0
BRDA:470,26,0,0
BRDA:470,26,1,0
BRDA:474,27,0,0
BRDA:474,27,1,0
BRDA:474,27,2,0
BRDA:474,27,3,0
BRDA:474,27,4,0
BRDA:476,28,0,0
BRDA:476,28,1,0
BRDA:478,29,0,0
BRDA:478,29,1,0
BRDA:479,30,0,0
BRDA:479,30,1,0
BRDA:479,31,0,0
BRDA:479,31,1,0
BRDA:481,32,0,0
BRDA:481,32,1,0
BRDA:482,33,0,0
BRDA:482,33,1,0
BRDA:482,34,0,0
BRDA:482,34,1,0
BRDA:482,35,0,0
BRDA:482,35,1,0
BRDA:484,36,0,0
BRDA:484,36,1,0
BRDA:491,37,0,0
BRDA:491,37,1,0
BRDA:491,38,0,0
BRDA:491,38,1,0
BRDA:494,39,0,0
BRDA:494,39,1,0
BRDA:496,40,0,0
BRDA:498,41,0,0
BRDA:498,41,1,0
BRDA:498,41,2,0
BRDA:498,41,3,0
BRDA:503,42,0,0
BRDA:503,42,1,0
BRDA:503,43,0,0
BRDA:503,43,1,0
BRDA:512,44,0,0
BRDA:512,44,1,0
BRDA:525,45,0,0
BRDA:525,45,1,0
BRDA:525,46,0,0
BRDA:525,46,1,0
BRDA:560,47,0,0
BRDA:560,47,1,0
BRDA:562,48,0,0
BRDA:562,48,1,0
BRF:102
BRH:0
end_of_record
TN:
SF:src/store/pluginStore.ts
FN:73,(anonymous_0)
FN:76,(anonymous_1)
FN:81,(anonymous_2)
FN:85,(anonymous_3)
FN:89,(anonymous_4)
FN:96,(anonymous_5)
FN:100,(anonymous_6)
FN:105,(anonymous_7)
FN:109,(anonymous_8)
FN:113,(anonymous_9)
FN:117,(anonymous_10)
FN:124,(anonymous_11)
FN:129,(anonymous_12)
FN:133,(anonymous_13)
FN:137,(anonymous_14)
FN:138,(anonymous_15)
FN:139,(anonymous_16)
FN:144,(anonymous_17)
FN:150,(anonymous_18)
FN:161,(anonymous_19)
FN:172,(anonymous_20)
FN:181,(anonymous_21)
FN:184,(anonymous_22)
FN:187,(anonymous_23)
FN:193,(anonymous_24)
FN:197,(anonymous_25)
FN:200,(anonymous_26)
FN:207,(anonymous_27)
FN:208,(anonymous_28)
FN:209,(anonymous_29)
FN:213,(anonymous_30)
FN:225,(anonymous_31)
FN:229,(anonymous_32)
FN:264,(anonymous_33)
FN:277,(anonymous_34)
FN:301,(anonymous_35)
FN:306,(anonymous_36)
FN:314,(anonymous_37)
FN:315,(anonymous_38)
FN:323,(anonymous_39)
FN:339,(anonymous_40)
FN:346,(anonymous_41)
FN:347,(anonymous_42)
FN:359,(anonymous_43)
FN:370,(anonymous_44)
FN:377,(anonymous_45)
FN:398,(anonymous_46)
FN:408,(anonymous_47)
FN:429,(anonymous_48)
FN:436,(anonymous_49)
FN:440,(anonymous_50)
FN:442,(anonymous_51)
FN:445,(anonymous_52)
FN:453,(anonymous_53)
FN:454,(anonymous_54)
FN:462,(anonymous_55)
FN:468,(anonymous_56)
FN:487,(anonymous_57)
FN:488,(anonymous_58)
FN:492,(anonymous_59)
FN:511,(anonymous_60)
FN:512,(anonymous_61)
FN:516,(anonymous_62)
FN:536,(anonymous_63)
FN:537,(anonymous_64)
FN:559,(anonymous_65)
FN:560,(anonymous_66)
FN:566,(anonymous_67)
FN:571,(anonymous_68)
FN:576,(anonymous_69)
FN:582,(anonymous_70)
FN:583,(anonymous_71)
FN:586,(anonymous_72)
FN:590,(anonymous_73)
FN:594,(anonymous_74)
FN:606,(anonymous_75)
FN:607,(anonymous_76)
FN:608,(anonymous_77)
FN:611,(anonymous_78)
FN:624,(anonymous_79)
FN:629,(anonymous_80)
FN:634,(anonymous_81)
FN:639,(anonymous_82)
FN:650,(anonymous_83)
FN:653,(anonymous_84)
FN:661,(anonymous_85)
FN:677,(anonymous_86)
FNF:87
FNH:0
FNDA:0,(anonymous_0)
FNDA:0,(anonymous_1)
FNDA:0,(anonymous_2)
FNDA:0,(anonymous_3)
FNDA:0,(anonymous_4)
FNDA:0,(anonymous_5)
FNDA:0,(anonymous_6)
FNDA:0,(anonymous_7)
FNDA:0,(anonymous_8)
FNDA:0,(anonymous_9)
FNDA:0,(anonymous_10)
FNDA:0,(anonymous_11)
FNDA:0,(anonymous_12)
FNDA:0,(anonymous_13)
FNDA:0,(anonymous_14)
FNDA:0,(anonymous_15)
FNDA:0,(anonymous_16)
FNDA:0,(anonymous_17)
FNDA:0,(anonymous_18)
FNDA:0,(anonymous_19)
FNDA:0,(anonymous_20)
FNDA:0,(anonymous_21)
FNDA:0,(anonymous_22)
FNDA:0,(anonymous_23)
FNDA:0,(anonymous_24)
FNDA:0,(anonymous_25)
FNDA:0,(anonymous_26)
FNDA:0,(anonymous_27)
FNDA:0,(anonymous_28)
FNDA:0,(anonymous_29)
FNDA:0,(anonymous_30)
FNDA:0,(anonymous_31)
FNDA:0,(anonymous_32)
FNDA:0,(anonymous_33)
FNDA:0,(anonymous_34)
FNDA:0,(anonymous_35)
FNDA:0,(anonymous_36)
FNDA:0,(anonymous_37)
FNDA:0,(anonymous_38)
FNDA:0,(anonymous_39)
FNDA:0,(anonymous_40)
FNDA:0,(anonymous_41)
FNDA:0,(anonymous_42)
FNDA:0,(anonymous_43)
FNDA:0,(anonymous_44)
FNDA:0,(anonymous_45)
FNDA:0,(anonymous_46)
FNDA:0,(anonymous_47)
FNDA:0,(anonymous_48)
FNDA:0,(anonymous_49)
FNDA:0,(anonymous_50)
FNDA:0,(anonymous_51)
FNDA:0,(anonymous_52)
FNDA:0,(anonymous_53)
FNDA:0,(anonymous_54)
FNDA:0,(anonymous_55)
FNDA:0,(anonymous_56)
FNDA:0,(anonymous_57)
FNDA:0,(anonymous_58)
FNDA:0,(anonymous_59)
FNDA:0,(anonymous_60)
FNDA:0,(anonymous_61)
FNDA:0,(anonymous_62)
FNDA:0,(anonymous_63)
FNDA:0,(anonymous_64)
FNDA:0,(anonymous_65)
FNDA:0,(anonymous_66)
FNDA:0,(anonymous_67)
FNDA:0,(anonymous_68)
FNDA:0,(anonymous_69)
FNDA:0,(anonymous_70)
FNDA:0,(anonymous_71)
FNDA:0,(anonymous_72)
FNDA:0,(anonymous_73)
FNDA:0,(anonymous_74)
FNDA:0,(anonymous_75)
FNDA:0,(anonymous_76)
FNDA:0,(anonymous_77)
FNDA:0,(anonymous_78)
FNDA:0,(anonymous_79)
FNDA:0,(anonymous_80)
FNDA:0,(anonymous_81)
FNDA:0,(anonymous_82)
FNDA:0,(anonymous_83)
FNDA:0,(anonymous_84)
FNDA:0,(anonymous_85)
FNDA:0,(anonymous_86)
DA:66,0
DA:73,0
DA:78,0
DA:79,0
DA:83,0
DA:87,0
DA:91,0
DA:98,0
DA:102,0
DA:103,0
DA:107,0
DA:111,0
DA:115,0
DA:119,0
DA:125,0
DA:126,0
DA:127,0
DA:130,0
DA:131,0
DA:134,0
DA:135,0
DA:138,0
DA:139,0
DA:145,0
DA:146,0
DA:148,0
DA:151,0
DA:152,0
DA:154,0
DA:162,0
DA:163,0
DA:165,0
DA:173,0
DA:174,0
DA:176,0
DA:182,0
DA:185,0
DA:188,0
DA:194,0
DA:195,0
DA:198,0
DA:201,0
DA:202,0
DA:207,0
DA:208,0
DA:211,0
DA:215,0
DA:223,0
DA:225,0
DA:230,0
DA:231,0
DA:265,0
DA:268,0
DA:269,0
DA:273,0
DA:274,0
DA:277,0
DA:281,0
DA:283,0
DA:286,0
DA:289,0
DA:301,0
DA:306,0
DA:309,0
DA:310,0
DA:312,0
DA:314,0
DA:315,0
DA:318,0
DA:319,0
DA:324,0
DA:325,0
DA:327,0
DA:328,0
DA:331,0
DA:333,0
DA:336,0
DA:339,0
DA:340,0
DA:341,0
DA:342,0
DA:346,0
DA:347,0
DA:349,0
DA:350,0
DA:352,0
DA:354,0
DA:355,0
DA:360,0
DA:361,0
DA:363,0
DA:364,0
DA:367,0
DA:369,0
DA:370,0
DA:371,0
DA:372,0
DA:377,0
DA:388,0
DA:389,0
DA:391,0
DA:393,0
DA:394,0
DA:399,0
DA:400,0
DA:402,0
DA:403,0
DA:406,0
DA:408,0
DA:419,0
DA:420,0
DA:422,0
DA:424,0
DA:425,0
DA:431,0
DA:432,0
DA:437,0
DA:438,0
DA:440,0
DA:441,0
DA:442,0
DA:445,0
DA:454,0
DA:464,0
DA:469,0
DA:470,0
DA:472,0
DA:473,0
DA:476,0
DA:479,0
DA:480,0
DA:482,0
DA:483,0
DA:488,0
DA:489,0
DA:490,0
DA:492,0
DA:493,0
DA:496,0
DA:512,0
DA:513,0
DA:514,0
DA:516,0
DA:517,0
DA:520,0
DA:537,0
DA:538,0
DA:539,0
DA:541,0
DA:560,0
DA:567,0
DA:573,0
DA:578,0
DA:583,0
DA:587,0
DA:591,0
DA:592,0
DA:594,0
DA:606,0
DA:607,0
DA:608,0
DA:612,0
DA:626,0
DA:630,0
DA:635,0
DA:636,0
DA:639,0
DA:640,0
DA:641,0
DA:642,0
DA:644,0
DA:651,0
DA:653,0
DA:654,0
DA:656,0
DA:661,0
DA:674,0
DA:676,0
DA:677,0
DA:678,0
DA:681,0
LF:181
LH:0
BRDA:96,0,0,0
BRDA:127,1,0,0
BRDA:127,1,1,0
BRDA:145,2,0,0
BRDA:145,2,1,0
BRDA:151,3,0,0
BRDA:151,3,1,0
BRDA:162,4,0,0
BRDA:162,4,1,0
BRDA:173,5,0,0
BRDA:173,5,1,0
BRDA:202,6,0,0
BRDA:202,6,1,0
BRDA:268,7,0,0
BRDA:268,7,1,0
BRDA:273,8,0,0
BRDA:273,8,1,0
BRDA:327,9,0,0
BRDA:327,9,1,0
BRDA:363,10,0,0
BRDA:363,10,1,0
BRDA:369,11,0,0
BRDA:369,11,1,0
BRDA:370,12,0,0
BRDA:370,12,1,0
BRDA:371,13,0,0
BRDA:371,13,1,0
BRDA:402,14,0,0
BRDA:402,14,1,0
BRDA:472,15,0,0
BRDA:472,15,1,0
BRDA:472,16,0,0
BRDA:472,16,1,0
BRDA:490,17,0,0
BRDA:490,17,1,0
BRDA:493,18,0,0
BRDA:493,18,1,0
BRDA:514,19,0,0
BRDA:514,19,1,0
BRDA:517,20,0,0
BRDA:517,20,1,0
BRDA:539,21,0,0
BRDA:539,21,1,0
BRDA:539,22,0,0
BRDA:539,22,1,0
BRDA:597,23,0,0
BRDA:597,23,1,0
BRDA:597,24,0,0
BRDA:597,24,1,0
BRDA:598,25,0,0
BRDA:598,25,1,0
BRDA:598,26,0,0
BRDA:598,26,1,0
[...]
FNDA:0,(anonymous_1)
FNDA:0,(anonymous_2)
FNDA:0,(anonymous_3)
FNDA:0,(anonymous_4)
FNDA:0,(anonymous_5)
FNDA:0,(anonymous_6)
DA:182,0
DA:189,0
DA:200,0
DA:211,0
DA:219,0
DA:225,0
DA:235,0
DA:247,0
DA:262,0
DA:264,0
DA:265,0
DA:266,0
DA:267,0
DA:268,0
DA:269,0
DA:271,0
DA:274,0
DA:275,0
LF:18
LH:0
BRDA:232,0,0,0
BRDA:232,0,1,0
BRDA:241,1,0,0
BRDA:251,2,0,0
BRDA:251,2,1,0
BRDA:257,3,0,0
BRDA:257,3,1,0
BRDA:258,4,0,0
BRDA:258,4,1,0
BRDA:259,5,0,0
BRDA:259,5,1,0
BRF:11
BRH:0
end_of_record
TN:
SF:src/types/notifications.ts
FN:373,(anonymous_0)
FN:377,(anonymous_1)
FN:386,(anonymous_2)
FN:414,(anonymous_3)
FN:418,(anonymous_4)
FN:458,(anonymous_5)
FNF:6
FNH:0
FNDA:0,(anonymous_0)
FNDA:0,(anonymous_1)
FNDA:0,(anonymous_2)
FNDA:0,(anonymous_3)
FNDA:0,(anonymous_4)
FNDA:0,(anonymous_5)
DA:199,0
DA:213,0
DA:317,0
DA:373,0
DA:374,0
DA:377,0
DA:382,0
DA:383,0
DA:386,0
DA:387,0
DA:388,0
DA:389,0
DA:392,0
DA:411,0
DA:414,0
DA:415,0
DA:418,0
DA:423,0
DA:426,0
DA:427,0
DA:428,0
DA:430,0
DA:433,0
DA:436,0
DA:437,0
DA:438,0
DA:440,0
DA:441,0
DA:443,0
DA:445,0
DA:448,0
DA:453,0
DA:455,0
DA:458,0
DA:459,0
DA:460,0
DA:461,0
DA:462,0
DA:463,0
DA:465,0
DA:466,0
DA:467,0
DA:468,0
DA:470,0
LF:44
LH:0
BRDA:380,0,0,0
BRDA:403,1,0,0
BRDA:403,1,1,0
BRDA:404,2,0,0
BRDA:404,2,1,0
BRDA:405,3,0,0
BRDA:405,3,1,0
BRDA:415,4,0,0
BRDA:415,4,1,0
BRDA:423,5,0,0
BRDA:423,5,1,0
BRDA:423,6,0,0
BRDA:423,6,1,0
BRDA:430,7,0,0
BRDA:430,7,1,0
BRDA:433,8,0,0
BRDA:433,8,1,0
BRDA:436,9,0,0
BRDA:436,9,1,0
BRDA:436,10,0,0
BRDA:436,10,1,0
BRDA:443,11,0,0
BRDA:443,11,1,0
BRDA:445,12,0,0
BRDA:445,12,1,0
BRDA:445,13,0,0
BRDA:445,13,1,0
BRDA:448,14,0,0
BRDA:448,14,1,0
BRDA:448,15,0,0
BRDA:448,15,1,0
BRDA:453,16,0,0
BRDA:453,16,1,0
BRDA:453,17,0,0
BRDA:453,17,1,0
BRDA:465,18,0,0
BRDA:465,18,1,0
BRDA:466,19,0,0
BRDA:466,19,1,0
BRDA:467,20,0,0
BRDA:467,20,1,0
BRDA:468,21,0,0
BRDA:468,21,1,0
BRF:43
BRH:0
end_of_record
TN:
SF:src/types/onboarding.ts
FN:395,(anonymous_0)
FN:399,(anonymous_1)
FN:406,(anonymous_2)
FN:414,(anonymous_3)
FN:420,(anonymous_4)
FN:425,(anonymous_5)
FN:429,(anonymous_6)
FN:432,(anonymous_7)
FN:434,(anonymous_8)
FN:437,(anonymous_9)
FNF:10
FNH:0
FNDA:0,(anonymous_0)
FNDA:0,(anonymous_1)
FNDA:0,(anonymous_2)
FNDA:0,(anonymous_3)
FNDA:0,(anonymous_4)
FNDA:0,(anonymous_5)
FNDA:0,(anonymous_6)
FNDA:0,(anonymous_7)
FNDA:0,(anonymous_8)
FNDA:0,(anonymous_9)
DA:175,0
DA:283,0
DA:352,0
DA:395,0
DA:396,0
DA:399,0
DA:400,0
DA:401,0
DA:403,0
DA:406,0
DA:407,0
DA:408,0
DA:409,0
DA:410,0
DA:414,0
DA:415,0
DA:416,0
DA:417,0
DA:420,0
DA:421,0
DA:423,0
DA:425,0
DA:426,0
DA:428,0
DA:429,0
DA:432,0
DA:433,0
DA:434,0
DA:437,0
DA:439,0
DA:440,0
DA:441,0
LF:32
LH:0
BRDA:400,0,0,0
BRDA:400,0,1,0
BRDA:401,1,0,0
BRDA:401,1,1,0
BRDA:407,2,0,0
BRDA:407,2,1,0
BRDA:407,2,2,0
BRDA:415,3,0,0
BRDA:415,3,1,0
BRDA:416,4,0,0
BRDA:416,4,1,0
BRDA:421,5,0,0
BRDA:421,5,1,0
BRDA:426,6,0,0
BRDA:426,6,1,0
BRDA:439,7,0,0
BRDA:439,7,1,0
BRDA:439,8,0,0
BRDA:439,8,1,0
BRDA:439,9,0,0
BRDA:439,9,1,0
BRDA:440,10,0,0
BRDA:440,10,1,0
BRDA:440,11,0,0
BRDA:440,11,1,0
BRDA:440,12,0,0
BRDA:440,12,1,0
BRF:27
BRH:0
end_of_record
TN:
SF:src/types/plugins.ts
FN:410,(anonymous_0)
FN:414,(anonymous_1)
FN:429,(anonymous_2)
FN:430,(anonymous_3)
FN:434,(anonymous_4)
FN:442,(anonymous_5)
FN:449,(anonymous_6)
FNF:7
FNH:0
FNDA:0,(anonymous_0)
FNDA:0,(anonymous_1)
FNDA:0,(anonymous_2)
FNDA:0,(anonymous_3)
FNDA:0,(anonymous_4)
FNDA:0,(anonymous_5)
FNDA:0,(anonymous_6)
DA:266,0
DA:315,0
DA:410,0
DA:411,0
DA:414,0
DA:415,0
DA:429,0
DA:430,0
DA:431,0
DA:434,0
DA:435,0
DA:436,0
DA:438,0
DA:439,0
DA:442,0
DA:443,0
DA:444,0
DA:445,0
DA:446,0
DA:449,0
DA:450,0
DA:451,0
LF:22
LH:0
BRDA:416,0,0,0
BRDA:416,0,1,0
BRDA:416,0,2,0
BRDA:416,0,3,0
BRDA:416,0,4,0
BRDA:416,0,5,0
BRDA:416,0,6,0
BRDA:416,0,7,0
BRDA:416,0,8,0
BRDA:416,0,9,0
BRDA:431,1,0,0
BRDA:431,1,1,0
BRDA:436,2,0,0
BRDA:436,2,1,0
BRDA:443,3,0,0
BRDA:443,3,1,0
BRDA:444,4,0,0
BRDA:444,4,1,0
BRDA:445,5,0,0
BRDA:445,5,1,0
BRDA:450,6,0,0
BRDA:450,6,1,0
BRF:22
BRH:0
end_of_record
TN:
SF:src/types/promptLibrary.ts
FNF:0
FNH:0
DA:130,0
DA:182,0
LF:2
LH:0
BRF:0
BRH:0
end_of_record
TN:
SF:src/types/theme.ts
FNF:0
FNH:0
DA:160,0
DA:410,0
DA:420,0
LF:3
LH:0
BRF:0
BRH:0
end_of_record
TN:
SF:src/utils/connectionTest.ts
FN:2,(anonymous_0)
FN:31,(anonymous_1)
FN:32,(anonymous_2)
FNF:3
FNH:1
FNDA:2,(anonymous_0)
FNDA:0,(anonymous_1)
FNDA:0,(anonymous_2)
DA:2,1
DA:3,2
DA:4,2
DA:8,2
DA:15,0
DA:16,0
DA:17,0
DA:20,0
DA:21,0
DA:22,0
DA:24,0
DA:25,0
DA:30,1
DA:31,0
DA:32,0
DA:33,0
DA:34,0
DA:36,0
LF:18
LH:5
BRDA:4,0,0,0
BRDA:4,0,1,2
BRDA:15,1,0,0
BRDA:15,1,1,0
BRDA:30,2,0,0
BRDA:30,2,1,1
BRDA:33,3,0,0
BRDA:33,3,1,0
BRF:8
BRH:2
end_of_record
TN:
SF:src/utils/errorHandler.ts
FN:12,(anonymous_0)
FN:36,(anonymous_1)
FN:44,(anonymous_2)
FN:51,(anonymous_3)
FN:58,(anonymous_4)
FN:65,(anonymous_5)
FN:74,(anonymous_6)
FN:90,(anonymous_7)
FN:98,(anonymous_8)
FN:100,(anonymous_9)
FN:109,(anonymous_10)
FN:122,(anonymous_11)
FN:133,(anonymous_12)
FN:176,(anonymous_13)
FN:186,(anonymous_14)
FN:211,(anonymous_15)
FN:222,(anonymous_16)
FN:235,(anonymous_17)
FN:239,(anonymous_18)
FN:262,(anonymous_19)
FN:269,(anonymous_20)
FN:274,(anonymous_21)
FN:278,(anonymous_22)
FN:303,(anonymous_23)
FN:314,(anonymous_24)
FN:317,(anonymous_25)
FN:323,(anonymous_26)
FN:327,(anonymous_27)
FN:343,(anonymous_28)
FN:361,(anonymous_29)
FN:379,(anonymous_30)
FN:384,(anonymous_31)
FN:385,(anonymous_32)
FN:387,(anonymous_33)
FN:392,(anonymous_34)
FN:393,(anonymous_35)
FN:400,(anonymous_36)
FN:406,(anonymous_37)
FN:420,(anonymous_38)
FN:434,(anonymous_39)
FN:491,(anonymous_40)
FN:495,(anonymous_41)
FN:501,(anonymous_42)
FN:508,(anonymous_43)
FNF:44
FNH:1
FNDA:0,(anonymous_0)
FNDA:0,(anonymous_1)
FNDA:0,(anonymous_2)
FNDA:0,(anonymous_3)
FNDA:0,(anonymous_4)
FNDA:0,(anonymous_5)
FNDA:0,(anonymous_6)
FNDA:1,(anonymous_7)
FNDA:0,(anonymous_8)
FNDA:0,(anonymous_9)
FNDA:0,(anonymous_10)
FNDA:0,(anonymous_11)
FNDA:0,(anonymous_12)
FNDA:0,(anonymous_13)
FNDA:0,(anonymous_14)
FNDA:0,(anonymous_15)
FNDA:0,(anonymous_16)
FNDA:0,(anonymous_17)
FNDA:0,(anonymous_18)
FNDA:0,(anonymous_19)
FNDA:0,(anonymous_20)
FNDA:0,(anonymous_21)
FNDA:0,(anonymous_22)
FNDA:0,(anonymous_23)
FNDA:0,(anonymous_24)
FNDA:0,(anonymous_25)
FNDA:0,(anonymous_26)
FNDA:0,(anonymous_27)
FNDA:0,(anonymous_28)
FNDA:0,(anonymous_29)
FNDA:0,(anonymous_30)
FNDA:0,(anonymous_31)
FNDA:0,(anonymous_32)
FNDA:0,(anonymous_33)
FNDA:0,(anonymous_34)
FNDA:0,(anonymous_35)
FNDA:0,(anonymous_36)
FNDA:0,(anonymous_37)
FNDA:0,(anonymous_38)
FNDA:0,(anonymous_39)
FNDA:0,(anonymous_40)
FNDA:0,(anonymous_41)
FNDA:0,(anonymous_42)
FNDA:0,(anonymous_43)
DA:19,0
DA:20,0
DA:21,0
DA:22,0
DA:23,0
DA:24,0
DA:27,0
DA:28,0
DA:37,0
DA:38,0
DA:39,0
DA:45,0
DA:46,0
DA:52,0
DA:53,0
DA:59,0
DA:60,0
DA:66,0
DA:67,0
DA:79,0
DA:80,0
DA:81,0
DA:88,1
DA:91,1
DA:92,1
DA:94,1
DA:99,0
DA:100,0
DA:101,0
DA:102,0
DA:103,0
DA:110,0
DA:113,0
DA:122,0
DA:123,0
DA:124,0
DA:126,0
DA:130,0
DA:135,0
DA:136,0
DA:140,0
DA:141,0
DA:151,0
DA:152,0
DA:156,0
DA:157,0
DA:167,0
DA:177,0
DA:187,0
DA:189,0
DA:191,0
DA:193,0
DA:195,0
DA:197,0
DA:199,0
DA:200,0
DA:204,0
DA:206,0
DA:212,0
DA:213,0
DA:215,0
DA:223,0
DA:224,0
DA:228,0
DA:233,1
DA:235,1
DA:236,0
DA:239,1
DA:243,0
DA:244,0
DA:246,0
DA:247,0
DA:249,0
DA:250,0
DA:258,0
DA:262,1
DA:265,0
DA:270,0
DA:271,0
DA:275,0
DA:279,0
DA:281,0
DA:291,0
DA:300,0
DA:304,0
DA:305,0
DA:308,0
DA:314,1
DA:315,0
DA:317,0
DA:318,0
DA:319,0
DA:320,0
DA:323,0
DA:324,0
DA:327,0
DA:328,0
DA:329,0
DA:332,0
DA:343,1
DA:348,0
DA:350,0
DA:351,0
DA:352,0
DA:354,0
DA:356,0
DA:357,0
DA:360,0
DA:361,0
DA:365,0
DA:379,1
DA:380,0
DA:381,0
DA:383,0
DA:384,0
DA:385,0
DA:388,0
DA:389,0
DA:393,0
DA:394,0
DA:395,0
DA:396,0
DA:401,0
DA:402,0
DA:403,0
DA:407,0
DA:408,0
DA:409,0
DA:426,0
DA:427,0
DA:428,0
DA:429,0
DA:434,1
DA:435,0
DA:436,0
DA:440,0
DA:441,0
DA:443,0
DA:445,0
DA:452,0
DA:459,0
DA:466,0
DA:473,0
DA:483,0
DA:491,1
DA:492,0
DA:495,0
DA:496,0
DA:500,0
DA:501,0
DA:502,0
DA:503,0
DA:504,0
DA:508,0
DA:509,0
DA:510,0
DA:511,0
DA:515,0
LF:158
LH:13
BRDA:14,0,0,0
BRDA:15,1,0,0
BRDA:16,2,0,0
BRDA:27,3,0,0
BRDA:27,3,1,0
BRDA:44,4,0,0
BRDA:51,5,0,0
BRDA:58,6,0,0
BRDA:65,7,0,0
BRDA:75,8,0,0
BRDA:91,9,0,1
BRDA:91,9,1,0
BRDA:102,10,0,0
BRDA:102,10,1,0
BRDA:135,11,0,0
BRDA:135,11,1,0
BRDA:140,12,0,0
BRDA:140,12,1,0
BRDA:144,13,0,0
BRDA:144,13,1,0
BRDA:151,14,0,0
BRDA:151,14,1,0
BRDA:151,15,0,0
BRDA:151,15,1,0
BRDA:156,16,0,0
BRDA:156,16,1,0
BRDA:178,17,0,0
BRDA:178,17,1,0
BRDA:178,17,2,0
BRDA:178,17,3,0
BRDA:187,18,0,0
BRDA:187,18,1,0
BRDA:187,18,2,0
BRDA:187,18,3,0
BRDA:187,18,4,0
BRDA:187,18,5,0
BRDA:187,18,6,0
BRDA:187,18,7,0
BRDA:200,19,0,0
BRDA:200,19,1,0
BRDA:204,20,0,0
BRDA:204,20,1,0
BRDA:216,21,0,0
BRDA:216,21,1,0
BRDA:223,22,0,0
BRDA:223,22,1,0
BRDA:223,23,0,0
BRDA:223,23,1,0
BRDA:247,24,0,0
BRDA:247,24,1,0
BRDA:247,25,0,0
BRDA:247,25,1,0
BRDA:286,26,0,0
BRDA:286,26,1,0
BRDA:287,27,0,0
BRDA:287,27,1,0
BRDA:304,28,0,0
BRDA:304,28,1,0
BRDA:337,29,0,0
BRDA:337,29,1,0
BRDA:338,30,0,0
BRDA:338,30,1,0
BRDA:345,31,0,0
BRDA:356,32,0,0
BRDA:356,32,1,0
BRDA:356,33,0,0
BRDA:356,33,1,0
BRDA:394,34,0,0
BRDA:394,34,1,0
BRDA:408,35,0,0
BRDA:408,35,1,0
BRDA:423,36,0,0
BRDA:435,37,0,0
BRDA:435,37,1,0
BRDA:440,38,0,0
BRDA:440,38,1,0
BRDA:440,39,0,0
BRDA:440,39,1,0
BRDA:440,39,2,0
BRDA:443,40,0,0
BRDA:443,40,1,0
BRDA:443,40,2,0
BRDA:443,40,3,0
BRDA:443,40,4,0
BRDA:474,41,0,0
BRDA:474,41,1,0
BRDA:484,42,0,0
BRDA:484,42,1,0
BRDA:500,43,0,0
BRDA:500,43,1,0
BRDA:509,44,0,0
BRDA:509,44,1,0
BRF:92
BRH:1
end_of_record
TN:
SF:src/utils/logger.ts
FN:27,(anonymous_0)
FN:31,(anonymous_1)
FN:38,(anonymous_2)
FN:42,(anonymous_3)
FN:46,(anonymous_4)
FN:50,(anonymous_5)
FN:54,(anonymous_6)
FN:58,(anonymous_7)
FN:98,(anonymous_8)
FN:114,(anonymous_9)
FN:124,(anonymous_10)
FN:128,(anonymous_11)
FN:132,(anonymous_12)
FN:136,(anonymous_13)
FN:140,(anonymous_14)
FN:145,(anonymous_15)
FN:149,(anonymous_16)
FN:158,(anonymous_17)
FN:166,(anonymous_18)
FN:179,(anonymous_19)
FN:182,(anonymous_20)
FN:185,(anonymous_21)
FN:188,(anonymous_22)
FN:192,(anonymous_23)
FN:200,(anonymous_24)
FNF:25
FNH:11
FNDA:2,(anonymous_0)
FNDA:2,(anonymous_1)
FNDA:0,(anonymous_2)
FNDA:0,(anonymous_3)
FNDA:0,(anonymous_4)
FNDA:0,(anonymous_5)
FNDA:2,(anonymous_6)
FNDA:15,(anonymous_7)
FNDA:14,(anonymous_8)
FNDA:14,(anonymous_9)
FNDA:0,(anonymous_10)
FNDA:1,(anonymous_11)
FNDA:9,(anonymous_12)
FNDA:2,(anonymous_13)
FNDA:3,(anonymous_14)
FNDA:0,(anonymous_15)
FNDA:0,(anonymous_16)
FNDA:0,(anonymous_17)
FNDA:1,(anonymous_18)
FNDA:0,(anonymous_19)
FNDA:0,(anonymous_20)
FNDA:0,(anonymous_21)
FNDA:0,(anonymous_22)
FNDA:0,(anonymous_23)
FNDA:0,(anonymous_24)
DA:22,2
DA:23,2
DA:28,2
DA:32,2
DA:33,2
DA:35,2
DA:39,0
DA:43,0
DA:47,0
DA:51,0
DA:55,2
DA:64,15
DA:66,14
DA:77,14
DA:78,14
DA:79,14
DA:86,14
DA:87,14
DA:95,14
DA:99,14
DA:100,14
DA:101,14
DA:104,14
DA:105,0
DA:108,14
DA:110,1
DA:115,14
DA:116,14
DA:117,14
DA:119,0
DA:120,0
DA:125,0
DA:129,1
DA:133,9
DA:137,2
DA:141,3
DA:146,0
DA:150,0
DA:159,0
DA:167,1
DA:176,2
DA:179,2
DA:180,0
DA:182,2
DA:183,0
DA:185,2
DA:186,0
DA:188,2
DA:189,0
DA:192,2
DA:193,0
DA:194,0
DA:195,0
DA:196,0
DA:197,0
DA:200,2
DA:204,0
DA:205,0
DA:206,0
DA:207,0
DA:208,0
LF:61
LH:36
BRDA:32,0,0,2
BRDA:32,0,1,0
BRDA:64,1,0,1
BRDA:64,1,1,14
BRDA:90,2,0,8
BRDA:90,2,1,6
BRDA:91,3,0,14
BRDA:91,3,1,6
BRDA:104,4,0,0
BRDA:104,4,1,14
BRDA:117,5,0,12
BRDA:117,5,1,2
BRDA:166,6,0,0
BRF:13
BRH:10
end_of_record
TN:
SF:src/utils/offlineStorage.ts
FN:35,(anonymous_0)
FN:49,(anonymous_1)
FN:50,(anonymous_2)
FN:56,(anonymous_3)
FN:62,(anonymous_4)
FN:67,(anonymous_5)
FN:72,(anonymous_6)
FN:80,(anonymous_7)
FN:90,(anonymous_8)
FN:104,(anonymous_9)
FN:108,(anonymous_10)
FN:113,(anonymous_11)
FN:144,(anonymous_12)
FN:161,(anonymous_13)
FN:187,(anonymous_14)
FN:206,(anonymous_15)
FN:217,(anonymous_16)
FN:223,(anonymous_17)
FN:228,(anonymous_18)
FN:237,(anonymous_19)
FN:253,(anonymous_20)
FN:280,(anonymous_21)
FN:284,(anonymous_22)
FN:311,(anonymous_23)
FN:321,(anonymous_24)
FN:329,(anonymous_25)
FN:342,(anonymous_26)
FN:354,(anonymous_27)
FN:364,(anonymous_28)
FN:376,(anonymous_29)
FN:384,(anonymous_30)
FN:395,(anonymous_31)
FN:404,(anonymous_32)
FN:408,(anonymous_33)
FN:412,(anonymous_34)
FN:418,(anonymous_35)
FN:419,(anonymous_36)
FN:420,(anonymous_37)
FN:425,(anonymous_38)
FN:434,(anonymous_39)
FN:445,(anonymous_40)
FN:449,(anonymous_41)
FN:453,(anonymous_42)
FN:457,(anonymous_43)
FN:461,(anonymous_44)
FN:466,(anonymous_45)
FN:469,(anonymous_46)
FN:470,(anonymous_47)
FNF:48
FNH:0
FNDA:0,(anonymous_0)
FNDA:0,(anonymous_1)
FNDA:0,(anonymous_2)
FNDA:0,(anonymous_3)
FNDA:0,(anonymous_4)
FNDA:0,(anonymous_5)
FNDA:0,(anonymous_6)
FNDA:0,(anonymous_7)
FNDA:0,(anonymous_8)
FNDA:0,(anonymous_9)
FNDA:0,(anonymous_10)
FNDA:0,(anonymous_11)
FNDA:0,(anonymous_12)
FNDA:0,(anonymous_13)
FNDA:0,(anonymous_14)
FNDA:0,(anonymous_15)
FNDA:0,(anonymous_16)
FNDA:0,(anonymous_17)
FNDA:0,(anonymous_18)
FNDA:0,(anonymous_19)
FNDA:0,(anonymous_20)
FNDA:0,(anonymous_21)
FNDA:0,(anonymous_22)
FNDA:0,(anonymous_23)
FNDA:0,(anonymous_24)
FNDA:0,(anonymous_25)
FNDA:0,(anonymous_26)
FNDA:0,(anonymous_27)
FNDA:0,(anonymous_28)
FNDA:0,(anonymous_29)
FNDA:0,(anonymous_30)
FNDA:0,(anonymous_31)
FNDA:0,(anonymous_32)
FNDA:0,(anonymous_33)
FNDA:0,(anonymous_34)
FNDA:0,(anonymous_35)
FNDA:0,(anonymous_36)
FNDA:0,(anonymous_37)
FNDA:0,(anonymous_38)
FNDA:0,(anonymous_39)
FNDA:0,(anonymous_40)
FNDA:0,(anonymous_41)
FNDA:0,(anonymous_42)
FNDA:0,(anonymous_43)
FNDA:0,(anonymous_44)
FNDA:0,(anonymous_45)
FNDA:0,(anonymous_46)
FNDA:0,(anonymous_47)
DA:31,0
DA:32,0
DA:33,0
DA:36,0
DA:44,0
DA:45,0
DA:46,0
DA:50,0
DA:51,0
DA:52,0
DA:53,0
DA:56,0
DA:57,0
DA:58,0
DA:62,0
DA:63,0
DA:68,0
DA:69,0
DA:72,0
DA:73,0
DA:74,0
DA:81,0
DA:82,0
DA:83,0
DA:87,0
DA:91,0
DA:92,0
DA:93,0
DA:96,0
DA:97,0
DA:99,0
DA:100,0
DA:105,0
DA:109,0
DA:114,0
DA:115,0
DA:123,0
DA:124,0
DA:126,0
DA:129,0
DA:132,0
DA:135,0
DA:137,0
DA:139,0
DA:140,0
DA:145,0
DA:146,0
DA:147,0
DA:149,0
DA:150,0
DA:153,0
DA:154,0
DA:156,0
DA:157,0
DA:162,0
DA:163,0
DA:164,0
DA:166,0
DA:167,0
DA:170,0
DA:171,0
DA:173,0
DA:174,0
DA:175,0
DA:176,0
DA:180,0
DA:182,0
DA:183,0
DA:188,0
DA:189,0
DA:190,0
DA:193,0
DA:196,0
DA:198,0
DA:200,0
DA:201,0
DA:207,0
DA:208,0
DA:209,0
DA:211,0
DA:212,0
DA:213,0
DA:218,0
DA:219,0
DA:221,0
DA:222,0
DA:223,0
DA:224,0
DA:229,0
DA:230,0
DA:232,0
DA:233,0
DA:238,0
DA:239,0
DA:248,0
DA:249,0
DA:254,0
DA:255,0
DA:258,0
DA:260,0
DA:262,0
DA:263,0
DA:264,0
DA:265,0
DA:266,0
DA:268,0
DA:270,0
DA:271,0
DA:272,0
DA:274,0
DA:280,0
DA:281,0
DA:285,0
DA:287,0
DA:290,0
DA:298,0
DA:301,0
DA:307,0
DA:313,0
DA:314,0
DA:315,0
DA:316,0
DA:318,0
DA:322,0
DA:323,0
DA:325,0
DA:330,0
DA:331,0
DA:332,0
DA:333,0
DA:336,0
DA:337,0
DA:343,0
DA:344,0
DA:345,0
DA:346,0
DA:347,0
DA:350,0
DA:355,0
DA:356,0
DA:357,0
DA:358,0
DA:361,0
DA:366,0
DA:368,0
DA:369,0
DA:370,0
DA:372,0
DA:373,0
DA:376,0
DA:377,0
DA:378,0
DA:379,0
DA:380,0
DA:381,0
DA:383,0
DA:384,0
DA:386,0
DA:387,0
DA:388,0
DA:389,0
DA:390,0
DA:395,0
DA:396,0
DA:400,0
DA:405,0
DA:409,0
DA:413,0
DA:414,0
DA:419,0
DA:420,0
DA:421,0
DA:422,0
DA:431,0
DA:434,0
DA:441,0
DA:444,0
DA:446,0
DA:450,0
DA:454,0
DA:458,0
DA:462,0
DA:463,0
DA:467,0
DA:468,0
DA:469,0
DA:470,0
LF:187
LH:0
BRDA:35,0,0,0
BRDA:68,1,0,0
BRDA:68,1,1,0
BRDA:73,2,0,0
BRDA:73,2,1,0
BRDA:73,3,0,0
BRDA:73,3,1,0
BRDA:82,4,0,0
BRDA:82,4,1,0
BRDA:92,5,0,0
BRDA:92,5,1,0
BRDA:99,6,0,0
BRDA:99,6,1,0
BRDA:139,7,0,0
BRDA:139,7,1,0
BRDA:149,8,0,0
BRDA:149,8,1,0
BRDA:154,9,0,0
BRDA:154,9,1,0
BRDA:156,10,0,0
BRDA:156,10,1,0
BRDA:166,11,0,0
BRDA:166,11,1,0
BRDA:175,12,0,0
BRDA:175,12,1,0
BRDA:182,13,0,0
BRDA:182,13,1,0
BRDA:200,14,0,0
BRDA:200,14,1,0
BRDA:209,15,0,0
BRDA:209,15,1,0
BRDA:211,16,0,0
BRDA:211,16,1,0
BRDA:221,17,0,0
BRDA:221,17,1,0
BRDA:230,18,0,0
BRDA:230,18,1,0
BRDA:233,19,0,0
BRDA:233,19,1,0
BRDA:238,20,0,0
BRDA:238,20,1,0
BRDA:240,21,0,0
BRDA:240,21,1,0
BRDA:254,22,0,0
BRDA:254,22,1,0
BRDA:254,23,0,0
BRDA:254,23,1,0
BRDA:270,24,0,0
BRDA:270,24,1,0
BRDA:287,25,0,0
BRDA:287,25,1,0
BRDA:287,25,2,0
BRDA:291,26,0,0
BRDA:291,26,1,0
BRDA:314,27,0,0
BRDA:314,27,1,0
BRDA:316,28,0,0
BRDA:316,28,1,0
BRDA:325,29,0,0
BRDA:325,29,1,0
BRDA:332,30,0,0
BRDA:332,30,1,0
BRDA:336,31,0,0
BRDA:336,31,1,0
BRDA:345,32,0,0
BRDA:345,32,1,0
BRDA:350,33,0,0
BRDA:350,33,1,0
BRDA:357,34,0,0
BRDA:357,34,1,0
BRDA:358,35,0,0
BRDA:358,35,1,0
BRDA:372,36,0,0
BRDA:372,36,1,0
BRDA:379,37,0,0
BRDA:379,37,1,0
BRDA:381,38,0,0
BRDA:381,38,1,0
BRDA:389,39,0,0
BRDA:389,39,1,0
BRDA:413,40,0,0
BRDA:413,40,1,0
BRDA:462,41,0,0
BRDA:462,41,1,0
BRDA:470,42,0,0
BRDA:470,42,1,0
BRDA:470,43,0,0
BRDA:470,43,1,0
BRF:88
BRH:0
end_of_record
TN:
SF:src/utils/performance.tsx
FN:5,(anonymous_0)
FN:8,(anonymous_1)
FN:18,(anonymous_2)
FN:25,(anonymous_3)
FN:42,(anonymous_4)
FN:48,(anonymous_5)
FN:75,(anonymous_6)
FN:79,(anonymous_7)
FN:82,(anonymous_8)
FN:86,(anonymous_9)
FN:96,(anonymous_10)
FN:99,(anonymous_11)
FN:102,(anonymous_12)
FN:114,(anonymous_13)
FN:117,(anonymous_14)
FN:118,(anonymous_15)
FN:122,(anonymous_16)
FN:131,(anonymous_17)
FN:135,(anonymous_18)
FN:142,(anonymous_19)
FN:147,(anonymous_20)
FN:155,(anonymous_21)
FN:161,(anonymous_22)
FN:166,(anonymous_23)
FN:180,(anonymous_24)
FN:197,(anonymous_25)
FN:216,(anonymous_26)
FN:227,(anonymous_27)
FN:239,(anonymous_28)
FN:246,(anonymous_29)
FN:262,(anonymous_30)
FN:265,(anonymous_31)
FN:267,(anonymous_32)
FN:271,(anonymous_33)
FN:274,(anonymous_34)
FN:279,(anonymous_35)
FN:284,(anonymous_36)
FN:291,(anonymous_37)
FN:293,(anonymous_38)
FNF:39
FNH:2
FNDA:0,(anonymous_0)
FNDA:0,(anonymous_1)
FNDA:10,(anonymous_2)
FNDA:2,(anonymous_3)
FNDA:0,(anonymous_4)
FNDA:0,(anonymous_5)
FNDA:0,(anonymous_6)
FNDA:0,(anonymous_7)
FNDA:0,(anonymous_8)
FNDA:0,(anonymous_9)
FNDA:0,(anonymous_10)
FNDA:0,(anonymous_11)
FNDA:0,(anonymous_12)
FNDA:0,(anonymous_13)
FNDA:0,(anonymous_14)
FNDA:0,(anonymous_15)
FNDA:0,(anonymous_16)
FNDA:0,(anonymous_17)
FNDA:0,(anonymous_18)
FNDA:0,(anonymous_19)
FNDA:0,(anonymous_20)
FNDA:0,(anonymous_21)
FNDA:0,(anonymous_22)
FNDA:0,(anonymous_23)
FNDA:0,(anonymous_24)
FNDA:0,(anonymous_25)
FNDA:0,(anonymous_26)
FNDA:0,(anonymous_27)
FNDA:0,(anonymous_28)
FNDA:0,(anonymous_29)
FNDA:0,(anonymous_30)
FNDA:0,(anonymous_31)
FNDA:0,(anonymous_32)
FNDA:0,(anonymous_33)
FNDA:0,(anonymous_34)
FNDA:0,(anonymous_35)
FNDA:0,(anonymous_36)
FNDA:0,(anonymous_37)
FNDA:0,(anonymous_38)
DA:5,1
DA:8,0
DA:9,0
DA:12,0
DA:14,0
DA:18,1
DA:22,10
DA:24,10
DA:25,10
DA:26,2
DA:31,10
DA:32,10
DA:35,0
DA:40,1
DA:43,0
DA:44,0
DA:45,0
DA:49,0
DA:50,0
DA:52,0
DA:53,0
DA:54,0
DA:55,0
DA:58,0
DA:59,0
DA:61,0
DA:64,0
DA:65,0
DA:66,0
DA:68,0
DA:70,0
DA:71,0
DA:76,0
DA:77,0
DA:79,0
DA:83,0
DA:87,0
DA:88,0
DA:90,0
DA:96,1
DA:97,0
DA:99,0
DA:100,0
DA:102,0
DA:103,0
DA:104,0
DA:105,0
DA:106,0
DA:114,1
DA:115,0
DA:117,0
DA:118,0
DA:119,0
DA:122,0
DA:123,0
DA:127,0
DA:131,1
DA:132,0
DA:133,0
DA:135,0
DA:136,0
DA:138,0
DA:139,0
DA:140,0
DA:142,0
DA:143,0
DA:144,0
DA:147,0
DA:151,0
DA:155,1
DA:159,0
DA:161,0
DA:162,0
DA:163,0
DA:165,0
DA:167,0
DA:168,0
DA:169,0
DA:178,0
DA:180,0
DA:181,0
DA:185,0
DA:197,1
DA:204,0
DA:206,0
DA:207,0
DA:212,0
DA:213,0
DA:214,0
DA:216,0
DA:217,0
DA:220,0
DA:228,0
DA:239,1
DA:246,0
DA:247,0
DA:248,0
DA:250,0
DA:251,0
DA:254,0
DA:257,0
DA:262,1
DA:263,0
DA:265,0
DA:266,0
DA:268,0
DA:269,0
DA:271,0
DA:274,0
DA:275,0
DA:276,0
DA:278,0
DA:279,0
DA:284,0
DA:291,0
DA:293,0
DA:294,0
DA:298,0
DA:299,0
DA:301,0
LF:120
LH:16
BRDA:12,0,0,0
BRDA:12,0,1,0
BRDA:24,1,0,10
BRDA:24,1,1,0
BRDA:31,2,0,10
BRDA:31,2,1,10
BRDA:55,3,0,0
BRDA:55,3,1,0
BRDA:58,4,0,0
BRDA:58,4,1,0
BRDA:77,5,0,0
BRDA:77,5,1,0
BRDA:77,6,0,0
BRDA:77,6,1,0
BRDA:87,7,0,0
BRDA:87,7,1,0
BRDA:103,8,0,0
BRDA:103,8,1,0
BRDA:105,9,0,0
BRDA:105,9,1,0
BRDA:138,10,0,0
BRDA:138,10,1,0
BRDA:157,11,0,0
BRDA:163,12,0,0
BRDA:163,12,1,0
BRDA:168,13,0,0
BRDA:168,13,1,0
BRDA:202,14,0,0
BRDA:247,15,0,0
BRDA:247,15,1,0
BRDA:250,16,0,0
BRDA:250,16,1,0
BRDA:250,17,0,0
BRDA:250,17,1,0
BRDA:263,18,0,0
BRDA:263,18,1,0
BRDA:269,19,0,0
BRDA:269,19,1,0
BRDA:298,20,0,0
BRDA:298,20,1,0
BRF:40
BRH:3
end_of_record
